<?xml version="1.0" encoding="UTF-8"?>
<coverage generated="1596533210903" clover="3.2.0">
  <project timestamp="1596533210903" name="All files">
    <metrics statements="294" coveredstatements="282" conditionals="88" coveredconditionals="72" methods="110" coveredmethods="107" elements="492" coveredelements="461" complexity="0" loc="294" ncloc="294" packages="23" files="35" classes="35"/>
    <package name="src">
      <metrics statements="5" coveredstatements="5" conditionals="0" coveredconditionals="0" methods="2" coveredmethods="2"/>
      <file name="App.js" path="/home/agustin.fredes/LeoniLabsChallenge/src/App.js">
        <metrics statements="1" coveredstatements="1" conditionals="0" coveredconditionals="0" methods="1" coveredmethods="1"/>
        <line num="15" count="1" type="stmt"/>
      </file>
      <file name="index.js" path="/home/agustin.fredes/LeoniLabsChallenge/src/index.js">
        <metrics statements="4" coveredstatements="4" conditionals="0" coveredconditionals="0" methods="1" coveredmethods="1"/>
        <line num="6" count="1" type="stmt"/>
        <line num="7" count="2" type="stmt"/>
        <line num="10" count="1" type="stmt"/>
        <line num="11" count="1" type="stmt"/>
      </file>
    </package>
    <package name="src.Components.atoms.Button">
      <metrics statements="16" coveredstatements="16" conditionals="0" coveredconditionals="0" methods="9" coveredmethods="9"/>
      <file name="index.js" path="/home/agustin.fredes/LeoniLabsChallenge/src/Components/atoms/Button/index.js">
        <metrics statements="6" coveredstatements="6" conditionals="0" coveredconditionals="0" methods="1" coveredmethods="1"/>
        <line num="5" count="5" type="stmt"/>
        <line num="6" count="42" type="stmt"/>
        <line num="7" count="42" type="stmt"/>
        <line num="14" count="5" type="stmt"/>
        <line num="28" count="5" type="stmt"/>
        <line num="41" count="5" type="stmt"/>
      </file>
      <file name="style.js" path="/home/agustin.fredes/LeoniLabsChallenge/src/Components/atoms/Button/style.js">
        <metrics statements="10" coveredstatements="10" conditionals="0" coveredconditionals="0" methods="8" coveredmethods="8"/>
        <line num="3" count="5" type="stmt"/>
        <line num="4" count="42" type="stmt"/>
        <line num="5" count="42" type="stmt"/>
        <line num="6" count="42" type="stmt"/>
        <line num="7" count="42" type="stmt"/>
        <line num="8" count="42" type="stmt"/>
        <line num="9" count="42" type="stmt"/>
        <line num="10" count="42" type="stmt"/>
        <line num="11" count="42" type="stmt"/>
        <line num="24" count="5" type="stmt"/>
      </file>
    </package>
    <package name="src.Components.atoms.CheckBox">
      <metrics statements="14" coveredstatements="14" conditionals="2" coveredconditionals="2" methods="3" coveredmethods="3"/>
      <file name="index.js" path="/home/agustin.fredes/LeoniLabsChallenge/src/Components/atoms/CheckBox/index.js">
        <metrics statements="12" coveredstatements="12" conditionals="2" coveredconditionals="2" methods="3" coveredmethods="3"/>
        <line num="7" count="5" type="stmt"/>
        <line num="8" count="94" type="stmt"/>
        <line num="10" count="94" type="stmt"/>
        <line num="11" count="5" type="stmt"/>
        <line num="12" count="5" type="stmt"/>
        <line num="15" count="94" type="stmt"/>
        <line num="16" count="28" type="cond" truecount="2" falsecount="0"/>
        <line num="17" count="1" type="stmt"/>
        <line num="21" count="94" type="stmt"/>
        <line num="31" count="5" type="stmt"/>
        <line num="37" count="5" type="stmt"/>
        <line num="42" count="5" type="stmt"/>
      </file>
      <file name="style.js" path="/home/agustin.fredes/LeoniLabsChallenge/src/Components/atoms/CheckBox/style.js">
        <metrics statements="2" coveredstatements="2" conditionals="0" coveredconditionals="0" methods="0" coveredmethods="0"/>
        <line num="3" count="5" type="stmt"/>
        <line num="7" count="5" type="stmt"/>
      </file>
    </package>
    <package name="src.Components.atoms.Container">
      <metrics statements="31" coveredstatements="31" conditionals="16" coveredconditionals="16" methods="25" coveredmethods="25"/>
      <file name="index.js" path="/home/agustin.fredes/LeoniLabsChallenge/src/Components/atoms/Container/index.js">
        <metrics statements="5" coveredstatements="5" conditionals="0" coveredconditionals="0" methods="1" coveredmethods="1"/>
        <line num="5" count="14" type="stmt"/>
        <line num="6" count="683" type="stmt"/>
        <line num="13" count="14" type="stmt"/>
        <line num="41" count="14" type="stmt"/>
        <line num="61" count="14" type="stmt"/>
      </file>
      <file name="style.js" path="/home/agustin.fredes/LeoniLabsChallenge/src/Components/atoms/Container/style.js">
        <metrics statements="26" coveredstatements="26" conditionals="16" coveredconditionals="16" methods="24" coveredmethods="24"/>
        <line num="3" count="14" type="stmt"/>
        <line num="4" count="683" type="stmt"/>
        <line num="5" count="683" type="stmt"/>
        <line num="8" count="683" type="stmt"/>
        <line num="9" count="683" type="stmt"/>
        <line num="10" count="683" type="stmt"/>
        <line num="11" count="683" type="stmt"/>
        <line num="12" count="683" type="stmt"/>
        <line num="13" count="683" type="stmt"/>
        <line num="14" count="683" type="stmt"/>
        <line num="15" count="683" type="stmt"/>
        <line num="16" count="683" type="stmt"/>
        <line num="17" count="683" type="stmt"/>
        <line num="18" count="683" type="stmt"/>
        <line num="20" count="683" type="stmt"/>
        <line num="21" count="683" type="stmt"/>
        <line num="23" count="683" type="cond" truecount="2" falsecount="0"/>
        <line num="24" count="683" type="cond" truecount="2" falsecount="0"/>
        <line num="25" count="683" type="cond" truecount="2" falsecount="0"/>
        <line num="26" count="683" type="cond" truecount="2" falsecount="0"/>
        <line num="28" count="683" type="stmt"/>
        <line num="30" count="683" type="cond" truecount="2" falsecount="0"/>
        <line num="31" count="683" type="cond" truecount="2" falsecount="0"/>
        <line num="32" count="683" type="cond" truecount="2" falsecount="0"/>
        <line num="33" count="683" type="cond" truecount="2" falsecount="0"/>
        <line num="36" count="14" type="stmt"/>
      </file>
    </package>
    <package name="src.Components.atoms.Loader">
      <metrics statements="12" coveredstatements="12" conditionals="0" coveredconditionals="0" methods="6" coveredmethods="6"/>
      <file name="index.js" path="/home/agustin.fredes/LeoniLabsChallenge/src/Components/atoms/Loader/index.js">
        <metrics statements="5" coveredstatements="5" conditionals="0" coveredconditionals="0" methods="1" coveredmethods="1"/>
        <line num="5" count="5" type="stmt"/>
        <line num="6" count="16" type="stmt"/>
        <line num="11" count="5" type="stmt"/>
        <line num="17" count="5" type="stmt"/>
        <line num="23" count="5" type="stmt"/>
      </file>
      <file name="style.js" path="/home/agustin.fredes/LeoniLabsChallenge/src/Components/atoms/Loader/style.js">
        <metrics statements="7" coveredstatements="7" conditionals="0" coveredconditionals="0" methods="5" coveredmethods="5"/>
        <line num="3" count="5" type="stmt"/>
        <line num="13" count="5" type="stmt"/>
        <line num="14" count="16" type="stmt"/>
        <line num="15" count="16" type="stmt"/>
        <line num="17" count="16" type="stmt"/>
        <line num="18" count="16" type="stmt"/>
        <line num="19" count="16" type="stmt"/>
      </file>
    </package>
    <package name="src.Components.atoms.RadioInput">
      <metrics statements="9" coveredstatements="9" conditionals="0" coveredconditionals="0" methods="2" coveredmethods="2"/>
      <file name="index.js" path="/home/agustin.fredes/LeoniLabsChallenge/src/Components/atoms/RadioInput/index.js">
        <metrics statements="7" coveredstatements="7" conditionals="0" coveredconditionals="0" methods="2" coveredmethods="2"/>
        <line num="7" count="5" type="stmt"/>
        <line num="8" count="182" type="stmt"/>
        <line num="9" count="1" type="stmt"/>
        <line num="12" count="182" type="stmt"/>
        <line num="22" count="5" type="stmt"/>
        <line num="30" count="5" type="stmt"/>
        <line num="35" count="5" type="stmt"/>
      </file>
      <file name="style.js" path="/home/agustin.fredes/LeoniLabsChallenge/src/Components/atoms/RadioInput/style.js">
        <metrics statements="2" coveredstatements="2" conditionals="0" coveredconditionals="0" methods="0" coveredmethods="0"/>
        <line num="3" count="5" type="stmt"/>
        <line num="7" count="5" type="stmt"/>
      </file>
    </package>
    <package name="src.Components.atoms.SocialNetworkLink">
      <metrics statements="15" coveredstatements="15" conditionals="6" coveredconditionals="6" methods="2" coveredmethods="2"/>
      <file name="index.js" path="/home/agustin.fredes/LeoniLabsChallenge/src/Components/atoms/SocialNetworkLink/index.js">
        <metrics statements="13" coveredstatements="13" conditionals="6" coveredconditionals="6" methods="2" coveredmethods="2"/>
        <line num="13" count="9" type="stmt"/>
        <line num="14" count="40" type="cond" truecount="6" falsecount="0"/>
        <line num="16" count="9" type="stmt"/>
        <line num="18" count="9" type="stmt"/>
        <line num="20" count="9" type="stmt"/>
        <line num="22" count="9" type="stmt"/>
        <line num="24" count="3" type="stmt"/>
        <line num="26" count="1" type="stmt"/>
        <line num="30" count="9" type="stmt"/>
        <line num="31" count="40" type="stmt"/>
        <line num="40" count="9" type="stmt"/>
        <line num="47" count="9" type="stmt"/>
        <line num="52" count="9" type="stmt"/>
      </file>
      <file name="style.js" path="/home/agustin.fredes/LeoniLabsChallenge/src/Components/atoms/SocialNetworkLink/style.js">
        <metrics statements="2" coveredstatements="2" conditionals="0" coveredconditionals="0" methods="0" coveredmethods="0"/>
        <line num="3" count="9" type="stmt"/>
        <line num="12" count="9" type="stmt"/>
      </file>
    </package>
    <package name="src.Components.atoms.Text">
      <metrics statements="13" coveredstatements="13" conditionals="0" coveredconditionals="0" methods="7" coveredmethods="7"/>
      <file name="index.js" path="/home/agustin.fredes/LeoniLabsChallenge/src/Components/atoms/Text/index.js">
        <metrics statements="5" coveredstatements="5" conditionals="0" coveredconditionals="0" methods="1" coveredmethods="1"/>
        <line num="5" count="15" type="stmt"/>
        <line num="6" count="457" type="stmt"/>
        <line num="13" count="15" type="stmt"/>
        <line num="22" count="15" type="stmt"/>
        <line num="31" count="15" type="stmt"/>
      </file>
      <file name="style.js" path="/home/agustin.fredes/LeoniLabsChallenge/src/Components/atoms/Text/style.js">
        <metrics statements="8" coveredstatements="8" conditionals="0" coveredconditionals="0" methods="6" coveredmethods="6"/>
        <line num="3" count="15" type="stmt"/>
        <line num="4" count="457" type="stmt"/>
        <line num="5" count="457" type="stmt"/>
        <line num="6" count="457" type="stmt"/>
        <line num="7" count="457" type="stmt"/>
        <line num="8" count="457" type="stmt"/>
        <line num="9" count="457" type="stmt"/>
        <line num="12" count="15" type="stmt"/>
      </file>
    </package>
    <package name="src.Components.atoms.TextInput">
      <metrics statements="15" coveredstatements="15" conditionals="0" coveredconditionals="0" methods="5" coveredmethods="5"/>
      <file name="index.js" path="/home/agustin.fredes/LeoniLabsChallenge/src/Components/atoms/TextInput/index.js">
        <metrics statements="12" coveredstatements="12" conditionals="0" coveredconditionals="0" methods="4" coveredmethods="4"/>
        <line num="5" count="5" type="stmt"/>
        <line num="7" count="83" type="stmt"/>
        <line num="9" count="83" type="stmt"/>
        <line num="10" count="3" type="stmt"/>
        <line num="11" count="3" type="stmt"/>
        <line num="14" count="83" type="stmt"/>
        <line num="15" count="29" type="stmt"/>
        <line num="18" count="83" type="stmt"/>
        <line num="25" count="3" type="stmt"/>
        <line num="31" count="5" type="stmt"/>
        <line num="39" count="5" type="stmt"/>
        <line num="44" count="5" type="stmt"/>
      </file>
      <file name="style.js" path="/home/agustin.fredes/LeoniLabsChallenge/src/Components/atoms/TextInput/style.js">
        <metrics statements="3" coveredstatements="3" conditionals="0" coveredconditionals="0" methods="1" coveredmethods="1"/>
        <line num="3" count="5" type="stmt"/>
        <line num="4" count="83" type="stmt"/>
        <line num="11" count="5" type="stmt"/>
      </file>
    </package>
    <package name="src.Components.molecules.MemberCard">
      <metrics statements="5" coveredstatements="5" conditionals="2" coveredconditionals="2" methods="1" coveredmethods="1"/>
      <file name="index.js" path="/home/agustin.fredes/LeoniLabsChallenge/src/Components/molecules/MemberCard/index.js">
        <metrics statements="4" coveredstatements="4" conditionals="2" coveredconditionals="2" methods="1" coveredmethods="1"/>
        <line num="11" count="4" type="stmt"/>
        <line num="12" count="4" type="stmt"/>
        <line num="54" count="4" type="stmt"/>
        <line num="58" count="4" type="stmt"/>
      </file>
      <file name="style.js" path="/home/agustin.fredes/LeoniLabsChallenge/src/Components/molecules/MemberCard/style.js">
        <metrics statements="1" coveredstatements="1" conditionals="0" coveredconditionals="0" methods="0" coveredmethods="0"/>
        <line num="4" count="4" type="stmt"/>
      </file>
    </package>
    <package name="src.Components.molecules.SocialNetworkGroup">
      <metrics statements="5" coveredstatements="5" conditionals="8" coveredconditionals="8" methods="1" coveredmethods="1"/>
      <file name="index.js" path="/home/agustin.fredes/LeoniLabsChallenge/src/Components/molecules/SocialNetworkGroup/index.js">
        <metrics statements="5" coveredstatements="5" conditionals="8" coveredconditionals="8" methods="1" coveredmethods="1"/>
        <line num="6" count="7" type="stmt"/>
        <line num="7" count="8" type="stmt"/>
        <line num="32" count="7" type="stmt"/>
        <line num="39" count="7" type="stmt"/>
        <line num="46" count="7" type="stmt"/>
      </file>
    </package>
    <package name="src.Components.screens.DetailPage">
      <metrics statements="22" coveredstatements="22" conditionals="8" coveredconditionals="8" methods="6" coveredmethods="6"/>
      <file name="index.js" path="/home/agustin.fredes/LeoniLabsChallenge/src/Components/screens/DetailPage/index.js">
        <metrics statements="22" coveredstatements="22" conditionals="8" coveredconditionals="8" methods="6" coveredmethods="6"/>
        <line num="8" count="3" type="stmt"/>
        <line num="9" count="6" type="stmt"/>
        <line num="11" count="6" type="stmt"/>
        <line num="12" count="6" type="stmt"/>
        <line num="13" count="6" type="stmt"/>
        <line num="18" count="6" type="stmt"/>
        <line num="19" count="2" type="stmt"/>
        <line num="20" count="2" type="stmt"/>
        <line num="21" count="2" type="stmt"/>
        <line num="24" count="1" type="stmt"/>
        <line num="25" count="1" type="stmt"/>
        <line num="27" count="1" type="stmt"/>
        <line num="28" count="1" type="stmt"/>
        <line num="32" count="6" type="stmt"/>
        <line num="33" count="3" type="cond" truecount="2" falsecount="0"/>
        <line num="34" count="1" type="stmt"/>
        <line num="38" count="6" type="cond" truecount="2" falsecount="0"/>
        <line num="39" count="3" type="stmt"/>
        <line num="46" count="3" type="cond" truecount="4" falsecount="0"/>
        <line num="47" count="2" type="stmt"/>
        <line num="52" count="1" type="stmt"/>
        <line num="57" count="3" type="stmt"/>
      </file>
    </package>
    <package name="src.Components.screens.GenericErrorScreen">
      <metrics statements="5" coveredstatements="5" conditionals="0" coveredconditionals="0" methods="1" coveredmethods="1"/>
      <file name="index.js" path="/home/agustin.fredes/LeoniLabsChallenge/src/Components/screens/GenericErrorScreen/index.js">
        <metrics statements="5" coveredstatements="5" conditionals="0" coveredconditionals="0" methods="1" coveredmethods="1"/>
        <line num="7" count="5" type="stmt"/>
        <line num="8" count="5" type="stmt"/>
        <line num="20" count="5" type="stmt"/>
        <line num="22" count="5" type="stmt"/>
        <line num="26" count="5" type="stmt"/>
      </file>
    </package>
    <package name="src.Components.screens.SearchPage">
      <metrics statements="24" coveredstatements="23" conditionals="6" coveredconditionals="5" methods="7" coveredmethods="7"/>
      <file name="index.js" path="/home/agustin.fredes/LeoniLabsChallenge/src/Components/screens/SearchPage/index.js">
        <metrics statements="24" coveredstatements="23" conditionals="6" coveredconditionals="5" methods="7" coveredmethods="7"/>
        <line num="9" count="3" type="stmt"/>
        <line num="10" count="11" type="stmt"/>
        <line num="11" count="11" type="stmt"/>
        <line num="12" count="11" type="stmt"/>
        <line num="13" count="11" type="stmt"/>
        <line num="19" count="11" type="stmt"/>
        <line num="20" count="5" type="stmt"/>
        <line num="21" count="5" type="stmt"/>
        <line num="22" count="5" type="stmt"/>
        <line num="25" count="2" type="stmt"/>
        <line num="26" count="2" type="stmt"/>
        <line num="28" count="2" type="stmt"/>
        <line num="32" count="11" type="stmt"/>
        <line num="33" count="1" type="stmt"/>
        <line num="34" count="1" type="cond" truecount="1" falsecount="1"/>
        <line num="35" count="0" type="stmt"/>
        <line num="37" count="1" type="stmt"/>
        <line num="41" count="11" type="stmt"/>
        <line num="42" count="7" type="cond" truecount="2" falsecount="0"/>
        <line num="43" count="2" type="stmt"/>
        <line num="47" count="11" type="cond" truecount="2" falsecount="0"/>
        <line num="48" count="2" type="stmt"/>
        <line num="53" count="9" type="stmt"/>
        <line num="61" count="3" type="stmt"/>
      </file>
    </package>
    <package name="src.Components.templates.Details">
      <metrics statements="11" coveredstatements="11" conditionals="12" coveredconditionals="12" methods="3" coveredmethods="3"/>
      <file name="index.js" path="/home/agustin.fredes/LeoniLabsChallenge/src/Components/templates/Details/index.js">
        <metrics statements="9" coveredstatements="9" conditionals="12" coveredconditionals="12" methods="3" coveredmethods="3"/>
        <line num="12" count="4" type="stmt"/>
        <line num="13" count="30" type="stmt"/>
        <line num="18" count="4" type="stmt"/>
        <line num="19" count="3" type="stmt"/>
        <line num="20" count="3" type="stmt"/>
        <line num="21" count="3" type="stmt"/>
        <line num="67" count="3" type="stmt"/>
        <line num="130" count="4" type="stmt"/>
        <line num="134" count="4" type="stmt"/>
      </file>
      <file name="style.js" path="/home/agustin.fredes/LeoniLabsChallenge/src/Components/templates/Details/style.js">
        <metrics statements="2" coveredstatements="2" conditionals="0" coveredconditionals="0" methods="0" coveredmethods="0"/>
        <line num="3" count="4" type="stmt"/>
        <line num="7" count="4" type="stmt"/>
      </file>
    </package>
    <package name="src.Components.templates.Footer">
      <metrics statements="3" coveredstatements="3" conditionals="0" coveredconditionals="0" methods="1" coveredmethods="1"/>
      <file name="index.js" path="/home/agustin.fredes/LeoniLabsChallenge/src/Components/templates/Footer/index.js">
        <metrics statements="3" coveredstatements="3" conditionals="0" coveredconditionals="0" methods="1" coveredmethods="1"/>
        <line num="6" count="3" type="stmt"/>
        <line num="7" count="2" type="stmt"/>
        <line num="22" count="3" type="stmt"/>
      </file>
    </package>
    <package name="src.Components.templates.Header">
      <metrics statements="3" coveredstatements="3" conditionals="0" coveredconditionals="0" methods="1" coveredmethods="1"/>
      <file name="index.js" path="/home/agustin.fredes/LeoniLabsChallenge/src/Components/templates/Header/index.js">
        <metrics statements="3" coveredstatements="3" conditionals="0" coveredconditionals="0" methods="1" coveredmethods="1"/>
        <line num="5" count="3" type="stmt"/>
        <line num="6" count="2" type="stmt"/>
        <line num="15" count="3" type="stmt"/>
      </file>
    </package>
    <package name="src.Components.templates.Results">
      <metrics statements="13" coveredstatements="13" conditionals="2" coveredconditionals="2" methods="5" coveredmethods="5"/>
      <file name="index.js" path="/home/agustin.fredes/LeoniLabsChallenge/src/Components/templates/Results/index.js">
        <metrics statements="13" coveredstatements="13" conditionals="2" coveredconditionals="2" methods="5" coveredmethods="5"/>
        <line num="8" count="3" type="stmt"/>
        <line num="10" count="14" type="stmt"/>
        <line num="12" count="14" type="stmt"/>
        <line num="13" count="5" type="stmt"/>
        <line num="16" count="14" type="cond" truecount="2" falsecount="0"/>
        <line num="17" count="12" type="stmt"/>
        <line num="24" count="2" type="stmt"/>
        <line num="25" count="2" type="stmt"/>
        <line num="27" count="2" type="stmt"/>
        <line num="28" count="2" type="stmt"/>
        <line num="30" count="2" type="stmt"/>
        <line num="37" count="3" type="stmt"/>
        <line num="45" count="3" type="stmt"/>
      </file>
    </package>
    <package name="src.Components.templates.Searcher">
      <metrics statements="43" coveredstatements="42" conditionals="12" coveredconditionals="10" methods="12" coveredmethods="12"/>
      <file name="formattedNames.js" path="/home/agustin.fredes/LeoniLabsChallenge/src/Components/templates/Searcher/formattedNames.js">
        <metrics statements="1" coveredstatements="1" conditionals="0" coveredconditionals="0" methods="0" coveredmethods="0"/>
        <line num="1" count="4" type="stmt"/>
      </file>
      <file name="index.js" path="/home/agustin.fredes/LeoniLabsChallenge/src/Components/templates/Searcher/index.js">
        <metrics statements="42" coveredstatements="41" conditionals="12" coveredconditionals="10" methods="12" coveredmethods="12"/>
        <line num="12" count="4" type="stmt"/>
        <line num="13" count="40" type="stmt"/>
        <line num="15" count="40" type="stmt"/>
        <line num="16" count="4" type="cond" truecount="2" falsecount="0"/>
        <line num="17" count="3" type="stmt"/>
        <line num="18" count="3" type="stmt"/>
        <line num="19" count="3" type="stmt"/>
        <line num="21" count="1" type="stmt"/>
        <line num="33" count="40" type="stmt"/>
        <line num="43" count="40" type="stmt"/>
        <line num="53" count="40" type="stmt"/>
        <line num="61" count="40" type="stmt"/>
        <line num="62" count="19" type="cond" truecount="2" falsecount="0"/>
        <line num="63" count="14" type="stmt"/>
        <line num="73" count="5" type="stmt"/>
        <line num="83" count="40" type="stmt"/>
        <line num="84" count="3" type="stmt"/>
        <line num="85" count="3" type="stmt"/>
        <line num="88" count="40" type="stmt"/>
        <line num="89" count="1" type="cond" truecount="1" falsecount="1"/>
        <line num="90" count="1" type="stmt"/>
        <line num="91" count="1" type="stmt"/>
        <line num="92" count="1" type="stmt"/>
        <line num="96" count="40" type="stmt"/>
        <line num="97" count="1" type="stmt"/>
        <line num="100" count="40" type="stmt"/>
        <line num="101" count="1" type="stmt"/>
        <line num="102" count="1" type="stmt"/>
        <line num="103" count="1" type="cond" truecount="1" falsecount="1"/>
        <line num="104" count="0" type="stmt"/>
        <line num="108" count="40" type="stmt"/>
        <line num="109" count="30" type="stmt"/>
        <line num="130" count="40" type="stmt"/>
        <line num="131" count="10" type="stmt"/>
        <line num="145" count="70" type="cond" truecount="2" falsecount="0"/>
        <line num="146" count="50" type="stmt"/>
        <line num="149" count="1" type="stmt"/>
        <line num="160" count="20" type="stmt"/>
        <line num="167" count="40" type="stmt"/>
        <line num="171" count="2" type="stmt"/>
        <line num="176" count="4" type="stmt"/>
        <line num="180" count="4" type="stmt"/>
      </file>
    </package>
    <package name="src.utils.doFilter">
      <metrics statements="9" coveredstatements="6" conditionals="8" coveredconditionals="1" methods="1" coveredmethods="1"/>
      <file name="index.js" path="/home/agustin.fredes/LeoniLabsChallenge/src/utils/doFilter/index.js">
        <metrics statements="9" coveredstatements="6" conditionals="8" coveredconditionals="1" methods="1" coveredmethods="1"/>
        <line num="1" count="3" type="stmt"/>
        <line num="2" count="2" type="cond" truecount="1" falsecount="1"/>
        <line num="3" count="2" type="stmt"/>
        <line num="4" count="2" type="stmt"/>
        <line num="5" count="2" type="stmt"/>
        <line num="6" count="0" type="cond" truecount="0" falsecount="2"/>
        <line num="7" count="0" type="cond" truecount="0" falsecount="4"/>
        <line num="8" count="0" type="stmt"/>
        <line num="12" count="2" type="stmt"/>
      </file>
    </package>
    <package name="src.utils.doSearch">
      <metrics statements="8" coveredstatements="1" conditionals="6" coveredconditionals="0" methods="3" coveredmethods="0"/>
      <file name="index.js" path="/home/agustin.fredes/LeoniLabsChallenge/src/utils/doSearch/index.js">
        <metrics statements="8" coveredstatements="1" conditionals="6" coveredconditionals="0" methods="3" coveredmethods="0"/>
        <line num="1" count="3" type="stmt"/>
        <line num="2" count="0" type="cond" truecount="0" falsecount="4"/>
        <line num="3" count="0" type="stmt"/>
        <line num="4" count="0" type="stmt"/>
        <line num="6" count="0" type="cond" truecount="0" falsecount="2"/>
        <line num="7" count="0" type="stmt"/>
        <line num="8" count="0" type="stmt"/>
        <line num="10" count="0" type="stmt"/>
      </file>
    </package>
    <package name="src.utils.fetchResults">
      <metrics statements="6" coveredstatements="6" conditionals="0" coveredconditionals="0" methods="5" coveredmethods="5"/>
      <file name="index.js" path="/home/agustin.fredes/LeoniLabsChallenge/src/utils/fetchResults/index.js">
        <metrics statements="6" coveredstatements="6" conditionals="0" coveredconditionals="0" methods="5" coveredmethods="5"/>
        <line num="1" count="2" type="stmt"/>
        <line num="3" count="1" type="stmt"/>
        <line num="4" count="1" type="stmt"/>
        <line num="34" count="3" type="stmt"/>
        <line num="37" count="2" type="stmt"/>
        <line num="38" count="2" type="stmt"/>
      </file>
    </package>
    <package name="src.utils.getAge">
      <metrics statements="7" coveredstatements="7" conditionals="0" coveredconditionals="0" methods="2" coveredmethods="2"/>
      <file name="index.js" path="/home/agustin.fredes/LeoniLabsChallenge/src/utils/getAge/index.js">
        <metrics statements="7" coveredstatements="7" conditionals="0" coveredconditionals="0" methods="2" coveredmethods="2"/>
        <line num="8" count="4" type="stmt"/>
        <line num="9" count="3" type="stmt"/>
        <line num="10" count="9" type="stmt"/>
        <line num="12" count="3" type="stmt"/>
        <line num="13" count="3" type="stmt"/>
        <line num="14" count="3" type="stmt"/>
        <line num="15" count="3" type="stmt"/>
      </file>
    </package>
  </project>
</coverage>
