{"/home/agustin.fredes/LeoniLabsChallenge/src/App.js": {"path":"/home/agustin.fredes/LeoniLabsChallenge/src/App.js","statementMap":{"0":{"start":{"line":15,"column":2},"end":{"line":33,"column":4}}},"fnMap":{"0":{"name":"App","decl":{"start":{"line":14,"column":24},"end":{"line":14,"column":27}},"loc":{"start":{"line":14,"column":30},"end":{"line":34,"column":1}},"line":14}},"branchMap":{},"s":{"0":1},"f":{"0":1},"b":{},"_coverageSchema":"43e27e138ebf9cfc5966b082cf9a028302ed4184","hash":"498452f957747336a42e3bcb68e6096358fc3765"}
,"/home/agustin.fredes/LeoniLabsChallenge/src/index.js": {"path":"/home/agustin.fredes/LeoniLabsChallenge/src/index.js","statementMap":{"0":{"start":{"line":6,"column":14},"end":{"line":8,"column":1}},"1":{"start":{"line":7,"column":4},"end":{"line":7,"column":62}},"2":{"start":{"line":10,"column":0},"end":{"line":14,"column":1}},"3":{"start":{"line":11,"column":4},"end":{"line":11,"column":11}}},"fnMap":{"0":{"name":"(anonymous_0)","decl":{"start":{"line":6,"column":14},"end":{"line":6,"column":15}},"loc":{"start":{"line":6,"column":20},"end":{"line":8,"column":1}},"line":6}},"branchMap":{},"s":{"0":1,"1":2,"2":1,"3":1},"f":{"0":2},"b":{},"_coverageSchema":"43e27e138ebf9cfc5966b082cf9a028302ed4184","hash":"e5f473418072bcd1b38d0f257fb95994ea6a5be1"}
,"/home/agustin.fredes/LeoniLabsChallenge/src/Components/atoms/Button/index.js": {"path":"/home/agustin.fredes/LeoniLabsChallenge/src/Components/atoms/Button/index.js","statementMap":{"0":{"start":{"line":5,"column":15},"end":{"line":12,"column":1}},"1":{"start":{"line":6,"column":18},"end":{"line":6,"column":23}},"2":{"start":{"line":7,"column":2},"end":{"line":11,"column":4}},"3":{"start":{"line":14,"column":0},"end":{"line":26,"column":2}},"4":{"start":{"line":28,"column":0},"end":{"line":39,"column":2}},"5":{"start":{"line":41,"column":0},"end":{"line":41,"column":36}}},"fnMap":{"0":{"name":"(anonymous_0)","decl":{"start":{"line":5,"column":15},"end":{"line":5,"column":16}},"loc":{"start":{"line":5,"column":26},"end":{"line":12,"column":1}},"line":5}},"branchMap":{},"s":{"0":5,"1":42,"2":42,"3":5,"4":5,"5":5},"f":{"0":42},"b":{},"_coverageSchema":"43e27e138ebf9cfc5966b082cf9a028302ed4184","hash":"5dcb17aed1b87f00e332a92eb2842a6a66ec31c1"}
,"/home/agustin.fredes/LeoniLabsChallenge/src/Components/atoms/Button/style.js": {"path":"/home/agustin.fredes/LeoniLabsChallenge/src/Components/atoms/Button/style.js","statementMap":{"0":{"start":{"line":3,"column":21},"end":{"line":22,"column":1}},"1":{"start":{"line":4,"column":20},"end":{"line":4,"column":31}},"2":{"start":{"line":5,"column":21},"end":{"line":5,"column":33}},"3":{"start":{"line":6,"column":31},"end":{"line":6,"column":44}},"4":{"start":{"line":7,"column":20},"end":{"line":7,"column":31}},"5":{"start":{"line":8,"column":28},"end":{"line":8,"column":46}},"6":{"start":{"line":9,"column":21},"end":{"line":9,"column":85}},"7":{"start":{"line":10,"column":21},"end":{"line":10,"column":33}},"8":{"start":{"line":11,"column":22},"end":{"line":11,"column":35}},"9":{"start":{"line":24,"column":0},"end":{"line":24,"column":42}}},"fnMap":{"0":{"name":"(anonymous_0)","decl":{"start":{"line":4,"column":11},"end":{"line":4,"column":12}},"loc":{"start":{"line":4,"column":20},"end":{"line":4,"column":31}},"line":4},"1":{"name":"(anonymous_1)","decl":{"start":{"line":5,"column":12},"end":{"line":5,"column":13}},"loc":{"start":{"line":5,"column":21},"end":{"line":5,"column":33}},"line":5},"2":{"name":"(anonymous_2)","decl":{"start":{"line":6,"column":22},"end":{"line":6,"column":23}},"loc":{"start":{"line":6,"column":31},"end":{"line":6,"column":44}},"line":6},"3":{"name":"(anonymous_3)","decl":{"start":{"line":7,"column":11},"end":{"line":7,"column":12}},"loc":{"start":{"line":7,"column":20},"end":{"line":7,"column":31}},"line":7},"4":{"name":"(anonymous_4)","decl":{"start":{"line":8,"column":19},"end":{"line":8,"column":20}},"loc":{"start":{"line":8,"column":28},"end":{"line":8,"column":46}},"line":8},"5":{"name":"(anonymous_5)","decl":{"start":{"line":9,"column":12},"end":{"line":9,"column":13}},"loc":{"start":{"line":9,"column":21},"end":{"line":9,"column":85}},"line":9},"6":{"name":"(anonymous_6)","decl":{"start":{"line":10,"column":12},"end":{"line":10,"column":13}},"loc":{"start":{"line":10,"column":21},"end":{"line":10,"column":33}},"line":10},"7":{"name":"(anonymous_7)","decl":{"start":{"line":11,"column":13},"end":{"line":11,"column":14}},"loc":{"start":{"line":11,"column":22},"end":{"line":11,"column":35}},"line":11}},"branchMap":{},"s":{"0":5,"1":42,"2":42,"3":42,"4":42,"5":42,"6":42,"7":42,"8":42,"9":5},"f":{"0":42,"1":42,"2":42,"3":42,"4":42,"5":42,"6":42,"7":42},"b":{},"_coverageSchema":"43e27e138ebf9cfc5966b082cf9a028302ed4184","hash":"3aab6c06b99caf690c5cd2436a49ecdb36bf2641"}
,"/home/agustin.fredes/LeoniLabsChallenge/src/Components/atoms/CheckBox/index.js": {"path":"/home/agustin.fredes/LeoniLabsChallenge/src/Components/atoms/CheckBox/index.js","statementMap":{"0":{"start":{"line":7,"column":17},"end":{"line":29,"column":1}},"1":{"start":{"line":8,"column":32},"end":{"line":8,"column":47}},"2":{"start":{"line":10,"column":23},"end":{"line":13,"column":3}},"3":{"start":{"line":11,"column":4},"end":{"line":11,"column":33}},"4":{"start":{"line":12,"column":4},"end":{"line":12,"column":28}},"5":{"start":{"line":15,"column":2},"end":{"line":19,"column":15}},"6":{"start":{"line":16,"column":4},"end":{"line":18,"column":5}},"7":{"start":{"line":17,"column":6},"end":{"line":17,"column":23}},"8":{"start":{"line":21,"column":2},"end":{"line":28,"column":4}},"9":{"start":{"line":31,"column":0},"end":{"line":35,"column":1}},"10":{"start":{"line":37,"column":0},"end":{"line":40,"column":1}},"11":{"start":{"line":42,"column":0},"end":{"line":42,"column":34}}},"fnMap":{"0":{"name":"(anonymous_0)","decl":{"start":{"line":7,"column":17},"end":{"line":7,"column":18}},"loc":{"start":{"line":7,"column":55},"end":{"line":29,"column":1}},"line":7},"1":{"name":"(anonymous_1)","decl":{"start":{"line":10,"column":23},"end":{"line":10,"column":24}},"loc":{"start":{"line":10,"column":30},"end":{"line":13,"column":3}},"line":10},"2":{"name":"(anonymous_2)","decl":{"start":{"line":15,"column":12},"end":{"line":15,"column":13}},"loc":{"start":{"line":15,"column":17},"end":{"line":19,"column":3}},"line":15}},"branchMap":{"0":{"loc":{"start":{"line":16,"column":4},"end":{"line":18,"column":5}},"type":"if","locations":[{"start":{"line":16,"column":4},"end":{"line":18,"column":5}},{"start":{"line":16,"column":4},"end":{"line":18,"column":5}}],"line":16}},"s":{"0":5,"1":94,"2":94,"3":5,"4":5,"5":94,"6":28,"7":1,"8":94,"9":5,"10":5,"11":5},"f":{"0":94,"1":5,"2":28},"b":{"0":[1,27]},"_coverageSchema":"43e27e138ebf9cfc5966b082cf9a028302ed4184","hash":"cc3be30f72bc6f59fac81eef4b904f5285b44b40"}
,"/home/agustin.fredes/LeoniLabsChallenge/src/Components/atoms/CheckBox/style.js": {"path":"/home/agustin.fredes/LeoniLabsChallenge/src/Components/atoms/CheckBox/style.js","statementMap":{"0":{"start":{"line":3,"column":20},"end":{"line":5,"column":1}},"1":{"start":{"line":7,"column":0},"end":{"line":7,"column":40}}},"fnMap":{},"branchMap":{},"s":{"0":5,"1":5},"f":{},"b":{},"_coverageSchema":"43e27e138ebf9cfc5966b082cf9a028302ed4184","hash":"59b4b66977e778f5e98e16b122752e146304cc9f"}
,"/home/agustin.fredes/LeoniLabsChallenge/src/Components/atoms/Container/index.js": {"path":"/home/agustin.fredes/LeoniLabsChallenge/src/Components/atoms/Container/index.js","statementMap":{"0":{"start":{"line":5,"column":18},"end":{"line":11,"column":1}},"1":{"start":{"line":6,"column":2},"end":{"line":10,"column":4}},"2":{"start":{"line":13,"column":0},"end":{"line":39,"column":2}},"3":{"start":{"line":41,"column":0},"end":{"line":59,"column":2}},"4":{"start":{"line":61,"column":0},"end":{"line":61,"column":36}}},"fnMap":{"0":{"name":"(anonymous_0)","decl":{"start":{"line":5,"column":18},"end":{"line":5,"column":19}},"loc":{"start":{"line":5,"column":29},"end":{"line":11,"column":1}},"line":5}},"branchMap":{},"s":{"0":14,"1":683,"2":14,"3":14,"4":14},"f":{"0":683},"b":{},"_coverageSchema":"43e27e138ebf9cfc5966b082cf9a028302ed4184","hash":"8e2805c919ee8901074b1de5c4d447449f88fb3e"}
,"/home/agustin.fredes/LeoniLabsChallenge/src/Components/atoms/Container/style.js": {"path":"/home/agustin.fredes/LeoniLabsChallenge/src/Components/atoms/Container/style.js","statementMap":{"0":{"start":{"line":3,"column":24},"end":{"line":34,"column":1}},"1":{"start":{"line":4,"column":29},"end":{"line":4,"column":42}},"2":{"start":{"line":5,"column":21},"end":{"line":5,"column":35}},"3":{"start":{"line":8,"column":27},"end":{"line":8,"column":38}},"4":{"start":{"line":9,"column":22},"end":{"line":9,"column":33}},"5":{"start":{"line":10,"column":28},"end":{"line":10,"column":41}},"6":{"start":{"line":11,"column":24},"end":{"line":11,"column":35}},"7":{"start":{"line":12,"column":19},"end":{"line":12,"column":31}},"8":{"start":{"line":13,"column":23},"end":{"line":13,"column":38}},"9":{"start":{"line":14,"column":23},"end":{"line":14,"column":38}},"10":{"start":{"line":15,"column":22},"end":{"line":15,"column":36}},"11":{"start":{"line":16,"column":22},"end":{"line":16,"column":36}},"12":{"start":{"line":17,"column":18},"end":{"line":17,"column":29}},"13":{"start":{"line":18,"column":19},"end":{"line":18,"column":31}},"14":{"start":{"line":20,"column":26},"end":{"line":20,"column":39}},"15":{"start":{"line":21,"column":19},"end":{"line":21,"column":68}},"16":{"start":{"line":23,"column":23},"end":{"line":23,"column":57}},"17":{"start":{"line":24,"column":26},"end":{"line":24,"column":60}},"18":{"start":{"line":25,"column":24},"end":{"line":25,"column":58}},"19":{"start":{"line":26,"column":25},"end":{"line":26,"column":59}},"20":{"start":{"line":28,"column":20},"end":{"line":28,"column":33}},"21":{"start":{"line":30,"column":24},"end":{"line":30,"column":59}},"22":{"start":{"line":31,"column":27},"end":{"line":31,"column":62}},"23":{"start":{"line":32,"column":25},"end":{"line":32,"column":60}},"24":{"start":{"line":33,"column":26},"end":{"line":33,"column":61}},"25":{"start":{"line":36,"column":0},"end":{"line":36,"column":48}}},"fnMap":{"0":{"name":"(anonymous_0)","decl":{"start":{"line":4,"column":20},"end":{"line":4,"column":21}},"loc":{"start":{"line":4,"column":29},"end":{"line":4,"column":42}},"line":4},"1":{"name":"(anonymous_1)","decl":{"start":{"line":5,"column":12},"end":{"line":5,"column":13}},"loc":{"start":{"line":5,"column":21},"end":{"line":5,"column":35}},"line":5},"2":{"name":"(anonymous_2)","decl":{"start":{"line":8,"column":18},"end":{"line":8,"column":19}},"loc":{"start":{"line":8,"column":27},"end":{"line":8,"column":38}},"line":8},"3":{"name":"(anonymous_3)","decl":{"start":{"line":9,"column":13},"end":{"line":9,"column":14}},"loc":{"start":{"line":9,"column":22},"end":{"line":9,"column":33}},"line":9},"4":{"name":"(anonymous_4)","decl":{"start":{"line":10,"column":19},"end":{"line":10,"column":20}},"loc":{"start":{"line":10,"column":28},"end":{"line":10,"column":41}},"line":10},"5":{"name":"(anonymous_5)","decl":{"start":{"line":11,"column":15},"end":{"line":11,"column":16}},"loc":{"start":{"line":11,"column":24},"end":{"line":11,"column":35}},"line":11},"6":{"name":"(anonymous_6)","decl":{"start":{"line":12,"column":10},"end":{"line":12,"column":11}},"loc":{"start":{"line":12,"column":19},"end":{"line":12,"column":31}},"line":12},"7":{"name":"(anonymous_7)","decl":{"start":{"line":13,"column":14},"end":{"line":13,"column":15}},"loc":{"start":{"line":13,"column":23},"end":{"line":13,"column":38}},"line":13},"8":{"name":"(anonymous_8)","decl":{"start":{"line":14,"column":14},"end":{"line":14,"column":15}},"loc":{"start":{"line":14,"column":23},"end":{"line":14,"column":38}},"line":14},"9":{"name":"(anonymous_9)","decl":{"start":{"line":15,"column":13},"end":{"line":15,"column":14}},"loc":{"start":{"line":15,"column":22},"end":{"line":15,"column":36}},"line":15},"10":{"name":"(anonymous_10)","decl":{"start":{"line":16,"column":13},"end":{"line":16,"column":14}},"loc":{"start":{"line":16,"column":22},"end":{"line":16,"column":36}},"line":16},"11":{"name":"(anonymous_11)","decl":{"start":{"line":17,"column":9},"end":{"line":17,"column":10}},"loc":{"start":{"line":17,"column":18},"end":{"line":17,"column":29}},"line":17},"12":{"name":"(anonymous_12)","decl":{"start":{"line":18,"column":10},"end":{"line":18,"column":11}},"loc":{"start":{"line":18,"column":19},"end":{"line":18,"column":31}},"line":18},"13":{"name":"(anonymous_13)","decl":{"start":{"line":20,"column":17},"end":{"line":20,"column":18}},"loc":{"start":{"line":20,"column":26},"end":{"line":20,"column":39}},"line":20},"14":{"name":"(anonymous_14)","decl":{"start":{"line":21,"column":10},"end":{"line":21,"column":11}},"loc":{"start":{"line":21,"column":19},"end":{"line":21,"column":68}},"line":21},"15":{"name":"(anonymous_15)","decl":{"start":{"line":23,"column":14},"end":{"line":23,"column":15}},"loc":{"start":{"line":23,"column":23},"end":{"line":23,"column":57}},"line":23},"16":{"name":"(anonymous_16)","decl":{"start":{"line":24,"column":17},"end":{"line":24,"column":18}},"loc":{"start":{"line":24,"column":26},"end":{"line":24,"column":60}},"line":24},"17":{"name":"(anonymous_17)","decl":{"start":{"line":25,"column":15},"end":{"line":25,"column":16}},"loc":{"start":{"line":25,"column":24},"end":{"line":25,"column":58}},"line":25},"18":{"name":"(anonymous_18)","decl":{"start":{"line":26,"column":16},"end":{"line":26,"column":17}},"loc":{"start":{"line":26,"column":25},"end":{"line":26,"column":59}},"line":26},"19":{"name":"(anonymous_19)","decl":{"start":{"line":28,"column":11},"end":{"line":28,"column":12}},"loc":{"start":{"line":28,"column":20},"end":{"line":28,"column":33}},"line":28},"20":{"name":"(anonymous_20)","decl":{"start":{"line":30,"column":15},"end":{"line":30,"column":16}},"loc":{"start":{"line":30,"column":24},"end":{"line":30,"column":59}},"line":30},"21":{"name":"(anonymous_21)","decl":{"start":{"line":31,"column":18},"end":{"line":31,"column":19}},"loc":{"start":{"line":31,"column":27},"end":{"line":31,"column":62}},"line":31},"22":{"name":"(anonymous_22)","decl":{"start":{"line":32,"column":16},"end":{"line":32,"column":17}},"loc":{"start":{"line":32,"column":25},"end":{"line":32,"column":60}},"line":32},"23":{"name":"(anonymous_23)","decl":{"start":{"line":33,"column":17},"end":{"line":33,"column":18}},"loc":{"start":{"line":33,"column":26},"end":{"line":33,"column":61}},"line":33}},"branchMap":{"0":{"loc":{"start":{"line":23,"column":23},"end":{"line":23,"column":57}},"type":"cond-expr","locations":[{"start":{"line":23,"column":34},"end":{"line":23,"column":42}},{"start":{"line":23,"column":45},"end":{"line":23,"column":57}}],"line":23},"1":{"loc":{"start":{"line":24,"column":26},"end":{"line":24,"column":60}},"type":"cond-expr","locations":[{"start":{"line":24,"column":37},"end":{"line":24,"column":45}},{"start":{"line":24,"column":48},"end":{"line":24,"column":60}}],"line":24},"2":{"loc":{"start":{"line":25,"column":24},"end":{"line":25,"column":58}},"type":"cond-expr","locations":[{"start":{"line":25,"column":35},"end":{"line":25,"column":43}},{"start":{"line":25,"column":46},"end":{"line":25,"column":58}}],"line":25},"3":{"loc":{"start":{"line":26,"column":25},"end":{"line":26,"column":59}},"type":"cond-expr","locations":[{"start":{"line":26,"column":36},"end":{"line":26,"column":44}},{"start":{"line":26,"column":47},"end":{"line":26,"column":59}}],"line":26},"4":{"loc":{"start":{"line":30,"column":24},"end":{"line":30,"column":59}},"type":"cond-expr","locations":[{"start":{"line":30,"column":35},"end":{"line":30,"column":43}},{"start":{"line":30,"column":46},"end":{"line":30,"column":59}}],"line":30},"5":{"loc":{"start":{"line":31,"column":27},"end":{"line":31,"column":62}},"type":"cond-expr","locations":[{"start":{"line":31,"column":38},"end":{"line":31,"column":46}},{"start":{"line":31,"column":49},"end":{"line":31,"column":62}}],"line":31},"6":{"loc":{"start":{"line":32,"column":25},"end":{"line":32,"column":60}},"type":"cond-expr","locations":[{"start":{"line":32,"column":36},"end":{"line":32,"column":44}},{"start":{"line":32,"column":47},"end":{"line":32,"column":60}}],"line":32},"7":{"loc":{"start":{"line":33,"column":26},"end":{"line":33,"column":61}},"type":"cond-expr","locations":[{"start":{"line":33,"column":37},"end":{"line":33,"column":45}},{"start":{"line":33,"column":48},"end":{"line":33,"column":61}}],"line":33}},"s":{"0":14,"1":683,"2":683,"3":683,"4":683,"5":683,"6":683,"7":683,"8":683,"9":683,"10":683,"11":683,"12":683,"13":683,"14":683,"15":683,"16":683,"17":683,"18":683,"19":683,"20":683,"21":683,"22":683,"23":683,"24":683,"25":14},"f":{"0":683,"1":683,"2":683,"3":683,"4":683,"5":683,"6":683,"7":683,"8":683,"9":683,"10":683,"11":683,"12":683,"13":683,"14":683,"15":683,"16":683,"17":683,"18":683,"19":683,"20":683,"21":683,"22":683,"23":683},"b":{"0":[1,682],"1":[32,651],"2":[4,679],"3":[41,642],"4":[1,682],"5":[1,682],"6":[1,682],"7":[1,682]},"_coverageSchema":"43e27e138ebf9cfc5966b082cf9a028302ed4184","hash":"86e02301f16c0f341129876545bb287127a50411"}
,"/home/agustin.fredes/LeoniLabsChallenge/src/Components/atoms/Loader/index.js": {"path":"/home/agustin.fredes/LeoniLabsChallenge/src/Components/atoms/Loader/index.js","statementMap":{"0":{"start":{"line":5,"column":15},"end":{"line":9,"column":1}},"1":{"start":{"line":6,"column":2},"end":{"line":8,"column":4}},"2":{"start":{"line":11,"column":0},"end":{"line":15,"column":2}},"3":{"start":{"line":17,"column":0},"end":{"line":21,"column":2}},"4":{"start":{"line":23,"column":0},"end":{"line":23,"column":30}}},"fnMap":{"0":{"name":"(anonymous_0)","decl":{"start":{"line":5,"column":15},"end":{"line":5,"column":16}},"loc":{"start":{"line":5,"column":26},"end":{"line":9,"column":1}},"line":5}},"branchMap":{},"s":{"0":5,"1":16,"2":5,"3":5,"4":5},"f":{"0":16},"b":{},"_coverageSchema":"43e27e138ebf9cfc5966b082cf9a028302ed4184","hash":"dd30f0a080a1db671ff0b4e3e83666b48e74f59d"}
,"/home/agustin.fredes/LeoniLabsChallenge/src/Components/atoms/Loader/style.js": {"path":"/home/agustin.fredes/LeoniLabsChallenge/src/Components/atoms/Loader/style.js","statementMap":{"0":{"start":{"line":3,"column":13},"end":{"line":11,"column":1}},"1":{"start":{"line":13,"column":21},"end":{"line":20,"column":1}},"2":{"start":{"line":14,"column":21},"end":{"line":14,"column":33}},"3":{"start":{"line":15,"column":25},"end":{"line":15,"column":37}},"4":{"start":{"line":17,"column":20},"end":{"line":17,"column":30}},"5":{"start":{"line":18,"column":21},"end":{"line":18,"column":31}},"6":{"start":{"line":19,"column":32},"end":{"line":19,"column":51}}},"fnMap":{"0":{"name":"(anonymous_0)","decl":{"start":{"line":14,"column":12},"end":{"line":14,"column":13}},"loc":{"start":{"line":14,"column":21},"end":{"line":14,"column":33}},"line":14},"1":{"name":"(anonymous_1)","decl":{"start":{"line":15,"column":16},"end":{"line":15,"column":17}},"loc":{"start":{"line":15,"column":25},"end":{"line":15,"column":37}},"line":15},"2":{"name":"(anonymous_2)","decl":{"start":{"line":17,"column":11},"end":{"line":17,"column":12}},"loc":{"start":{"line":17,"column":20},"end":{"line":17,"column":30}},"line":17},"3":{"name":"(anonymous_3)","decl":{"start":{"line":18,"column":12},"end":{"line":18,"column":13}},"loc":{"start":{"line":18,"column":21},"end":{"line":18,"column":31}},"line":18},"4":{"name":"(anonymous_4)","decl":{"start":{"line":19,"column":23},"end":{"line":19,"column":24}},"loc":{"start":{"line":19,"column":32},"end":{"line":19,"column":51}},"line":19}},"branchMap":{},"s":{"0":5,"1":5,"2":16,"3":16,"4":16,"5":16,"6":16},"f":{"0":16,"1":16,"2":16,"3":16,"4":16},"b":{},"_coverageSchema":"43e27e138ebf9cfc5966b082cf9a028302ed4184","hash":"1962bb6391d3a580357ee556634320e6177b4c25"}
,"/home/agustin.fredes/LeoniLabsChallenge/src/Components/atoms/RadioInput/index.js": {"path":"/home/agustin.fredes/LeoniLabsChallenge/src/Components/atoms/RadioInput/index.js","statementMap":{"0":{"start":{"line":7,"column":19},"end":{"line":20,"column":1}},"1":{"start":{"line":8,"column":23},"end":{"line":10,"column":3}},"2":{"start":{"line":9,"column":4},"end":{"line":9,"column":32}},"3":{"start":{"line":12,"column":2},"end":{"line":19,"column":4}},"4":{"start":{"line":22,"column":0},"end":{"line":28,"column":2}},"5":{"start":{"line":30,"column":0},"end":{"line":32,"column":2}},"6":{"start":{"line":35,"column":0},"end":{"line":35,"column":38}}},"fnMap":{"0":{"name":"(anonymous_0)","decl":{"start":{"line":7,"column":19},"end":{"line":7,"column":20}},"loc":{"start":{"line":7,"column":67},"end":{"line":20,"column":1}},"line":7},"1":{"name":"(anonymous_1)","decl":{"start":{"line":8,"column":23},"end":{"line":8,"column":24}},"loc":{"start":{"line":8,"column":30},"end":{"line":10,"column":3}},"line":8}},"branchMap":{},"s":{"0":5,"1":182,"2":1,"3":182,"4":5,"5":5,"6":5},"f":{"0":182,"1":1},"b":{},"_coverageSchema":"43e27e138ebf9cfc5966b082cf9a028302ed4184","hash":"ca33f7a04878af405045066e53294433e5d18784"}
,"/home/agustin.fredes/LeoniLabsChallenge/src/Components/atoms/RadioInput/style.js": {"path":"/home/agustin.fredes/LeoniLabsChallenge/src/Components/atoms/RadioInput/style.js","statementMap":{"0":{"start":{"line":3,"column":25},"end":{"line":5,"column":1}},"1":{"start":{"line":7,"column":0},"end":{"line":7,"column":50}}},"fnMap":{},"branchMap":{},"s":{"0":5,"1":5},"f":{},"b":{},"_coverageSchema":"43e27e138ebf9cfc5966b082cf9a028302ed4184","hash":"542b1736ea479f92a321036a023de3ee3110352f"}
,"/home/agustin.fredes/LeoniLabsChallenge/src/Components/atoms/SocialNetworkLink/index.js": {"path":"/home/agustin.fredes/LeoniLabsChallenge/src/Components/atoms/SocialNetworkLink/index.js","statementMap":{"0":{"start":{"line":13,"column":21},"end":{"line":28,"column":1}},"1":{"start":{"line":14,"column":2},"end":{"line":27,"column":3}},"2":{"start":{"line":16,"column":6},"end":{"line":16,"column":32}},"3":{"start":{"line":18,"column":6},"end":{"line":18,"column":32}},"4":{"start":{"line":20,"column":6},"end":{"line":20,"column":33}},"5":{"start":{"line":22,"column":6},"end":{"line":22,"column":32}},"6":{"start":{"line":24,"column":6},"end":{"line":24,"column":27}},"7":{"start":{"line":26,"column":6},"end":{"line":26,"column":12}},"8":{"start":{"line":30,"column":26},"end":{"line":38,"column":1}},"9":{"start":{"line":31,"column":2},"end":{"line":37,"column":4}},"10":{"start":{"line":40,"column":0},"end":{"line":45,"column":2}},"11":{"start":{"line":47,"column":0},"end":{"line":50,"column":2}},"12":{"start":{"line":52,"column":0},"end":{"line":52,"column":52}}},"fnMap":{"0":{"name":"(anonymous_0)","decl":{"start":{"line":13,"column":21},"end":{"line":13,"column":22}},"loc":{"start":{"line":13,"column":31},"end":{"line":28,"column":1}},"line":13},"1":{"name":"(anonymous_1)","decl":{"start":{"line":30,"column":26},"end":{"line":30,"column":27}},"loc":{"start":{"line":30,"column":56},"end":{"line":38,"column":1}},"line":30}},"branchMap":{"0":{"loc":{"start":{"line":14,"column":2},"end":{"line":27,"column":3}},"type":"switch","locations":[{"start":{"line":15,"column":4},"end":{"line":16,"column":32}},{"start":{"line":17,"column":4},"end":{"line":18,"column":32}},{"start":{"line":19,"column":4},"end":{"line":20,"column":33}},{"start":{"line":21,"column":4},"end":{"line":22,"column":32}},{"start":{"line":23,"column":4},"end":{"line":24,"column":27}},{"start":{"line":25,"column":4},"end":{"line":26,"column":12}}],"line":14}},"s":{"0":9,"1":40,"2":9,"3":9,"4":9,"5":9,"6":3,"7":1,"8":9,"9":40,"10":9,"11":9,"12":9},"f":{"0":40,"1":40},"b":{"0":[9,9,9,9,3,1]},"_coverageSchema":"43e27e138ebf9cfc5966b082cf9a028302ed4184","hash":"6b93a67fbe255f1eb82c42b7927777096c91f5ad"}
,"/home/agustin.fredes/LeoniLabsChallenge/src/Components/atoms/SocialNetworkLink/style.js": {"path":"/home/agustin.fredes/LeoniLabsChallenge/src/Components/atoms/SocialNetworkLink/style.js","statementMap":{"0":{"start":{"line":3,"column":19},"end":{"line":10,"column":1}},"1":{"start":{"line":12,"column":0},"end":{"line":12,"column":38}}},"fnMap":{},"branchMap":{},"s":{"0":9,"1":9},"f":{},"b":{},"_coverageSchema":"43e27e138ebf9cfc5966b082cf9a028302ed4184","hash":"8afc3930dd3c0a384318ad3b8e3317621c297259"}
,"/home/agustin.fredes/LeoniLabsChallenge/src/Components/atoms/Text/index.js": {"path":"/home/agustin.fredes/LeoniLabsChallenge/src/Components/atoms/Text/index.js","statementMap":{"0":{"start":{"line":5,"column":13},"end":{"line":11,"column":1}},"1":{"start":{"line":6,"column":2},"end":{"line":10,"column":4}},"2":{"start":{"line":13,"column":0},"end":{"line":20,"column":2}},"3":{"start":{"line":22,"column":0},"end":{"line":29,"column":2}},"4":{"start":{"line":31,"column":0},"end":{"line":31,"column":32}}},"fnMap":{"0":{"name":"(anonymous_0)","decl":{"start":{"line":5,"column":13},"end":{"line":5,"column":14}},"loc":{"start":{"line":5,"column":22},"end":{"line":11,"column":1}},"line":5}},"branchMap":{},"s":{"0":15,"1":457,"2":15,"3":15,"4":15},"f":{"0":457},"b":{},"_coverageSchema":"43e27e138ebf9cfc5966b082cf9a028302ed4184","hash":"0ace267a74539563919233c6cafdfd2b92e094c6"}
,"/home/agustin.fredes/LeoniLabsChallenge/src/Components/atoms/Text/style.js": {"path":"/home/agustin.fredes/LeoniLabsChallenge/src/Components/atoms/Text/style.js","statementMap":{"0":{"start":{"line":3,"column":19},"end":{"line":10,"column":1}},"1":{"start":{"line":4,"column":25},"end":{"line":4,"column":36}},"2":{"start":{"line":5,"column":20},"end":{"line":5,"column":31}},"3":{"start":{"line":6,"column":24},"end":{"line":6,"column":34}},"4":{"start":{"line":7,"column":21},"end":{"line":7,"column":33}},"5":{"start":{"line":8,"column":21},"end":{"line":8,"column":34}},"6":{"start":{"line":9,"column":30},"end":{"line":9,"column":50}},"7":{"start":{"line":12,"column":0},"end":{"line":12,"column":38}}},"fnMap":{"0":{"name":"(anonymous_0)","decl":{"start":{"line":4,"column":16},"end":{"line":4,"column":17}},"loc":{"start":{"line":4,"column":25},"end":{"line":4,"column":36}},"line":4},"1":{"name":"(anonymous_1)","decl":{"start":{"line":5,"column":11},"end":{"line":5,"column":12}},"loc":{"start":{"line":5,"column":20},"end":{"line":5,"column":31}},"line":5},"2":{"name":"(anonymous_2)","decl":{"start":{"line":6,"column":15},"end":{"line":6,"column":16}},"loc":{"start":{"line":6,"column":24},"end":{"line":6,"column":34}},"line":6},"3":{"name":"(anonymous_3)","decl":{"start":{"line":7,"column":12},"end":{"line":7,"column":13}},"loc":{"start":{"line":7,"column":21},"end":{"line":7,"column":33}},"line":7},"4":{"name":"(anonymous_4)","decl":{"start":{"line":8,"column":12},"end":{"line":8,"column":13}},"loc":{"start":{"line":8,"column":21},"end":{"line":8,"column":34}},"line":8},"5":{"name":"(anonymous_5)","decl":{"start":{"line":9,"column":21},"end":{"line":9,"column":22}},"loc":{"start":{"line":9,"column":30},"end":{"line":9,"column":50}},"line":9}},"branchMap":{},"s":{"0":15,"1":457,"2":457,"3":457,"4":457,"5":457,"6":457,"7":15},"f":{"0":457,"1":457,"2":457,"3":457,"4":457,"5":457},"b":{},"_coverageSchema":"43e27e138ebf9cfc5966b082cf9a028302ed4184","hash":"cc850eed589740e3f00b10cf3a1532673ac117b3"}
,"/home/agustin.fredes/LeoniLabsChallenge/src/Components/atoms/TextInput/index.js": {"path":"/home/agustin.fredes/LeoniLabsChallenge/src/Components/atoms/TextInput/index.js","statementMap":{"0":{"start":{"line":5,"column":18},"end":{"line":29,"column":1}},"1":{"start":{"line":7,"column":36},"end":{"line":7,"column":48}},"2":{"start":{"line":9,"column":23},"end":{"line":12,"column":3}},"3":{"start":{"line":10,"column":4},"end":{"line":10,"column":24}},"4":{"start":{"line":11,"column":4},"end":{"line":11,"column":29}},"5":{"start":{"line":14,"column":2},"end":{"line":16,"column":14}},"6":{"start":{"line":15,"column":4},"end":{"line":15,"column":21}},"7":{"start":{"line":18,"column":2},"end":{"line":28,"column":4}},"8":{"start":{"line":25,"column":8},"end":{"line":25,"column":36}},"9":{"start":{"line":31,"column":0},"end":{"line":37,"column":2}},"10":{"start":{"line":39,"column":0},"end":{"line":42,"column":2}},"11":{"start":{"line":44,"column":0},"end":{"line":44,"column":36}}},"fnMap":{"0":{"name":"(anonymous_0)","decl":{"start":{"line":5,"column":18},"end":{"line":5,"column":19}},"loc":{"start":{"line":5,"column":73},"end":{"line":29,"column":1}},"line":5},"1":{"name":"(anonymous_1)","decl":{"start":{"line":9,"column":23},"end":{"line":9,"column":24}},"loc":{"start":{"line":9,"column":34},"end":{"line":12,"column":3}},"line":9},"2":{"name":"(anonymous_2)","decl":{"start":{"line":14,"column":12},"end":{"line":14,"column":13}},"loc":{"start":{"line":14,"column":18},"end":{"line":16,"column":3}},"line":14},"3":{"name":"(anonymous_3)","decl":{"start":{"line":24,"column":16},"end":{"line":24,"column":17}},"loc":{"start":{"line":24,"column":23},"end":{"line":26,"column":7}},"line":24}},"branchMap":{},"s":{"0":5,"1":83,"2":83,"3":3,"4":3,"5":83,"6":29,"7":83,"8":3,"9":5,"10":5,"11":5},"f":{"0":83,"1":3,"2":29,"3":3},"b":{},"_coverageSchema":"43e27e138ebf9cfc5966b082cf9a028302ed4184","hash":"6c9d8b12852c418a64543669334e7cc0823d4063"}
,"/home/agustin.fredes/LeoniLabsChallenge/src/Components/atoms/TextInput/style.js": {"path":"/home/agustin.fredes/LeoniLabsChallenge/src/Components/atoms/TextInput/style.js","statementMap":{"0":{"start":{"line":3,"column":24},"end":{"line":9,"column":1}},"1":{"start":{"line":4,"column":20},"end":{"line":4,"column":31}},"2":{"start":{"line":11,"column":0},"end":{"line":11,"column":48}}},"fnMap":{"0":{"name":"(anonymous_0)","decl":{"start":{"line":4,"column":11},"end":{"line":4,"column":12}},"loc":{"start":{"line":4,"column":20},"end":{"line":4,"column":31}},"line":4}},"branchMap":{},"s":{"0":5,"1":83,"2":5},"f":{"0":83},"b":{},"_coverageSchema":"43e27e138ebf9cfc5966b082cf9a028302ed4184","hash":"b915ddc7697642242f1e8ff3cc757feef5b94b51"}
,"/home/agustin.fredes/LeoniLabsChallenge/src/Components/molecules/MemberCard/index.js": {"path":"/home/agustin.fredes/LeoniLabsChallenge/src/Components/molecules/MemberCard/index.js","statementMap":{"0":{"start":{"line":11,"column":19},"end":{"line":52,"column":1}},"1":{"start":{"line":12,"column":2},"end":{"line":51,"column":4}},"2":{"start":{"line":54,"column":0},"end":{"line":56,"column":2}},"3":{"start":{"line":58,"column":0},"end":{"line":58,"column":38}}},"fnMap":{"0":{"name":"(anonymous_0)","decl":{"start":{"line":11,"column":19},"end":{"line":11,"column":20}},"loc":{"start":{"line":11,"column":31},"end":{"line":52,"column":1}},"line":11}},"branchMap":{"0":{"loc":{"start":{"line":25,"column":33},"end":{"line":25,"column":73}},"type":"cond-expr","locations":[{"start":{"line":25,"column":52},"end":{"line":25,"column":68}},{"start":{"line":25,"column":71},"end":{"line":25,"column":73}}],"line":25}},"s":{"0":4,"1":4,"2":4,"3":4},"f":{"0":4},"b":{"0":[1,3]},"_coverageSchema":"43e27e138ebf9cfc5966b082cf9a028302ed4184","hash":"a673e3ce286bc89db6946ff1c3162c587118889c"}
,"/home/agustin.fredes/LeoniLabsChallenge/src/Components/molecules/MemberCard/style.js": {"path":"/home/agustin.fredes/LeoniLabsChallenge/src/Components/molecules/MemberCard/style.js","statementMap":{"0":{"start":{"line":4,"column":25},"end":{"line":10,"column":1}}},"fnMap":{},"branchMap":{},"s":{"0":4},"f":{},"b":{},"_coverageSchema":"43e27e138ebf9cfc5966b082cf9a028302ed4184","hash":"8fb1377480c00d65f21949b21f0f53c0b3381365"}
,"/home/agustin.fredes/LeoniLabsChallenge/src/Components/molecules/SocialNetworkGroup/index.js": {"path":"/home/agustin.fredes/LeoniLabsChallenge/src/Components/molecules/SocialNetworkGroup/index.js","statementMap":{"0":{"start":{"line":6,"column":27},"end":{"line":30,"column":1}},"1":{"start":{"line":7,"column":2},"end":{"line":29,"column":4}},"2":{"start":{"line":32,"column":0},"end":{"line":37,"column":2}},"3":{"start":{"line":39,"column":0},"end":{"line":44,"column":2}},"4":{"start":{"line":46,"column":0},"end":{"line":46,"column":54}}},"fnMap":{"0":{"name":"(anonymous_0)","decl":{"start":{"line":6,"column":27},"end":{"line":6,"column":28}},"loc":{"start":{"line":6,"column":70},"end":{"line":30,"column":1}},"line":6}},"branchMap":{"0":{"loc":{"start":{"line":9,"column":7},"end":{"line":9,"column":65}},"type":"binary-expr","locations":[{"start":{"line":9,"column":7},"end":{"line":9,"column":16}},{"start":{"line":9,"column":20},"end":{"line":9,"column":65}}],"line":9},"1":{"loc":{"start":{"line":10,"column":7},"end":{"line":15,"column":8}},"type":"binary-expr","locations":[{"start":{"line":10,"column":7},"end":{"line":10,"column":17}},{"start":{"line":11,"column":6},"end":{"line":15,"column":8}}],"line":10},"2":{"loc":{"start":{"line":16,"column":7},"end":{"line":21,"column":8}},"type":"binary-expr","locations":[{"start":{"line":16,"column":7},"end":{"line":16,"column":16}},{"start":{"line":17,"column":6},"end":{"line":21,"column":8}}],"line":16},"3":{"loc":{"start":{"line":22,"column":7},"end":{"line":27,"column":8}},"type":"binary-expr","locations":[{"start":{"line":22,"column":7},"end":{"line":22,"column":16}},{"start":{"line":23,"column":6},"end":{"line":27,"column":8}}],"line":22}},"s":{"0":7,"1":8,"2":7,"3":7,"4":7},"f":{"0":8},"b":{"0":[8,8],"1":[8,8],"2":[8,8],"3":[8,8]},"_coverageSchema":"43e27e138ebf9cfc5966b082cf9a028302ed4184","hash":"9dcd7613533e6ec7e263be850d9a46284b765327"}
,"/home/agustin.fredes/LeoniLabsChallenge/src/Components/screens/DetailPage/index.js": {"path":"/home/agustin.fredes/LeoniLabsChallenge/src/Components/screens/DetailPage/index.js","statementMap":{"0":{"start":{"line":8,"column":19},"end":{"line":55,"column":1}},"1":{"start":{"line":9,"column":15},"end":{"line":9,"column":26}},"2":{"start":{"line":11,"column":26},"end":{"line":11,"column":41}},"3":{"start":{"line":12,"column":36},"end":{"line":12,"column":50}},"4":{"start":{"line":13,"column":38},"end":{"line":16,"column":4}},"5":{"start":{"line":18,"column":2},"end":{"line":30,"column":11}},"6":{"start":{"line":19,"column":18},"end":{"line":19,"column":31}},"7":{"start":{"line":20,"column":4},"end":{"line":20,"column":76}},"8":{"start":{"line":21,"column":4},"end":{"line":29,"column":6}},"9":{"start":{"line":24,"column":22},"end":{"line":24,"column":37}},"10":{"start":{"line":25,"column":18},"end":{"line":25,"column":31}},"11":{"start":{"line":27,"column":6},"end":{"line":27,"column":26}},"12":{"start":{"line":28,"column":6},"end":{"line":28,"column":55}},"13":{"start":{"line":32,"column":2},"end":{"line":36,"column":13}},"14":{"start":{"line":33,"column":4},"end":{"line":35,"column":5}},"15":{"start":{"line":34,"column":6},"end":{"line":34,"column":26}},"16":{"start":{"line":38,"column":2},"end":{"line":44,"column":3}},"17":{"start":{"line":39,"column":4},"end":{"line":43,"column":5}},"18":{"start":{"line":46,"column":2},"end":{"line":50,"column":3}},"19":{"start":{"line":47,"column":4},"end":{"line":49,"column":5}},"20":{"start":{"line":52,"column":2},"end":{"line":54,"column":4}},"21":{"start":{"line":57,"column":0},"end":{"line":57,"column":38}}},"fnMap":{"0":{"name":"(anonymous_0)","decl":{"start":{"line":8,"column":19},"end":{"line":8,"column":20}},"loc":{"start":{"line":8,"column":25},"end":{"line":55,"column":1}},"line":8},"1":{"name":"(anonymous_1)","decl":{"start":{"line":18,"column":12},"end":{"line":18,"column":13}},"loc":{"start":{"line":18,"column":18},"end":{"line":30,"column":3}},"line":18},"2":{"name":"(anonymous_2)","decl":{"start":{"line":24,"column":10},"end":{"line":24,"column":11}},"loc":{"start":{"line":24,"column":22},"end":{"line":24,"column":37}},"line":24},"3":{"name":"(anonymous_3)","decl":{"start":{"line":25,"column":10},"end":{"line":25,"column":11}},"loc":{"start":{"line":25,"column":18},"end":{"line":25,"column":31}},"line":25},"4":{"name":"(anonymous_4)","decl":{"start":{"line":26,"column":11},"end":{"line":26,"column":12}},"loc":{"start":{"line":26,"column":18},"end":{"line":29,"column":5}},"line":26},"5":{"name":"(anonymous_5)","decl":{"start":{"line":32,"column":12},"end":{"line":32,"column":13}},"loc":{"start":{"line":32,"column":18},"end":{"line":36,"column":3}},"line":32}},"branchMap":{"0":{"loc":{"start":{"line":33,"column":4},"end":{"line":35,"column":5}},"type":"if","locations":[{"start":{"line":33,"column":4},"end":{"line":35,"column":5}},{"start":{"line":33,"column":4},"end":{"line":35,"column":5}}],"line":33},"1":{"loc":{"start":{"line":38,"column":2},"end":{"line":44,"column":3}},"type":"if","locations":[{"start":{"line":38,"column":2},"end":{"line":44,"column":3}},{"start":{"line":38,"column":2},"end":{"line":44,"column":3}}],"line":38},"2":{"loc":{"start":{"line":46,"column":2},"end":{"line":50,"column":3}},"type":"if","locations":[{"start":{"line":46,"column":2},"end":{"line":50,"column":3}},{"start":{"line":46,"column":2},"end":{"line":50,"column":3}}],"line":46},"3":{"loc":{"start":{"line":46,"column":6},"end":{"line":46,"column":41}},"type":"binary-expr","locations":[{"start":{"line":46,"column":6},"end":{"line":46,"column":20}},{"start":{"line":46,"column":24},"end":{"line":46,"column":41}}],"line":46}},"s":{"0":3,"1":6,"2":6,"3":6,"4":6,"5":6,"6":2,"7":2,"8":2,"9":1,"10":1,"11":1,"12":1,"13":6,"14":3,"15":1,"16":6,"17":3,"18":3,"19":2,"20":1,"21":3},"f":{"0":6,"1":2,"2":1,"3":1,"4":1,"5":3},"b":{"0":[1,2],"1":[3,3],"2":[2,1],"3":[3,1]},"_coverageSchema":"43e27e138ebf9cfc5966b082cf9a028302ed4184","hash":"005d93d9a688d37a0bb3bc10031d4e0196227c06"}
,"/home/agustin.fredes/LeoniLabsChallenge/src/Components/screens/GenericErrorScreen/index.js": {"path":"/home/agustin.fredes/LeoniLabsChallenge/src/Components/screens/GenericErrorScreen/index.js","statementMap":{"0":{"start":{"line":7,"column":27},"end":{"line":18,"column":1}},"1":{"start":{"line":8,"column":2},"end":{"line":17,"column":4}},"2":{"start":{"line":20,"column":0},"end":{"line":20,"column":54}},"3":{"start":{"line":22,"column":0},"end":{"line":24,"column":2}},"4":{"start":{"line":26,"column":0},"end":{"line":28,"column":2}}},"fnMap":{"0":{"name":"(anonymous_0)","decl":{"start":{"line":7,"column":27},"end":{"line":7,"column":28}},"loc":{"start":{"line":7,"column":47},"end":{"line":18,"column":1}},"line":7}},"branchMap":{},"s":{"0":5,"1":5,"2":5,"3":5,"4":5},"f":{"0":5},"b":{},"_coverageSchema":"43e27e138ebf9cfc5966b082cf9a028302ed4184","hash":"64cc7678c93b55c22c16e90b26e46d80d9708ad8"}
,"/home/agustin.fredes/LeoniLabsChallenge/src/Components/screens/SearchPage/index.js": {"path":"/home/agustin.fredes/LeoniLabsChallenge/src/Components/screens/SearchPage/index.js","statementMap":{"0":{"start":{"line":9,"column":19},"end":{"line":59,"column":1}},"1":{"start":{"line":10,"column":26},"end":{"line":10,"column":41}},"2":{"start":{"line":11,"column":36},"end":{"line":11,"column":50}},"3":{"start":{"line":12,"column":28},"end":{"line":12,"column":40}},"4":{"start":{"line":13,"column":38},"end":{"line":16,"column":4}},"5":{"start":{"line":19,"column":2},"end":{"line":30,"column":9}},"6":{"start":{"line":20,"column":18},"end":{"line":20,"column":31}},"7":{"start":{"line":21,"column":4},"end":{"line":21,"column":76}},"8":{"start":{"line":22,"column":4},"end":{"line":29,"column":6}},"9":{"start":{"line":25,"column":22},"end":{"line":25,"column":37}},"10":{"start":{"line":26,"column":18},"end":{"line":26,"column":31}},"11":{"start":{"line":28,"column":6},"end":{"line":28,"column":54}},"12":{"start":{"line":32,"column":24},"end":{"line":39,"column":3}},"13":{"start":{"line":33,"column":4},"end":{"line":33,"column":23}},"14":{"start":{"line":34,"column":4},"end":{"line":38,"column":5}},"15":{"start":{"line":35,"column":6},"end":{"line":35,"column":33}},"16":{"start":{"line":37,"column":6},"end":{"line":37,"column":47}},"17":{"start":{"line":41,"column":2},"end":{"line":45,"column":13}},"18":{"start":{"line":42,"column":4},"end":{"line":44,"column":5}},"19":{"start":{"line":43,"column":6},"end":{"line":43,"column":26}},"20":{"start":{"line":47,"column":2},"end":{"line":51,"column":3}},"21":{"start":{"line":48,"column":4},"end":{"line":50,"column":5}},"22":{"start":{"line":53,"column":2},"end":{"line":58,"column":4}},"23":{"start":{"line":61,"column":0},"end":{"line":61,"column":38}}},"fnMap":{"0":{"name":"(anonymous_0)","decl":{"start":{"line":9,"column":19},"end":{"line":9,"column":20}},"loc":{"start":{"line":9,"column":25},"end":{"line":59,"column":1}},"line":9},"1":{"name":"(anonymous_1)","decl":{"start":{"line":19,"column":12},"end":{"line":19,"column":13}},"loc":{"start":{"line":19,"column":18},"end":{"line":30,"column":3}},"line":19},"2":{"name":"(anonymous_2)","decl":{"start":{"line":25,"column":10},"end":{"line":25,"column":11}},"loc":{"start":{"line":25,"column":22},"end":{"line":25,"column":37}},"line":25},"3":{"name":"(anonymous_3)","decl":{"start":{"line":26,"column":10},"end":{"line":26,"column":11}},"loc":{"start":{"line":26,"column":18},"end":{"line":26,"column":31}},"line":26},"4":{"name":"(anonymous_4)","decl":{"start":{"line":27,"column":11},"end":{"line":27,"column":12}},"loc":{"start":{"line":27,"column":18},"end":{"line":29,"column":5}},"line":27},"5":{"name":"(anonymous_5)","decl":{"start":{"line":32,"column":24},"end":{"line":32,"column":25}},"loc":{"start":{"line":32,"column":36},"end":{"line":39,"column":3}},"line":32},"6":{"name":"(anonymous_6)","decl":{"start":{"line":41,"column":12},"end":{"line":41,"column":13}},"loc":{"start":{"line":41,"column":18},"end":{"line":45,"column":3}},"line":41}},"branchMap":{"0":{"loc":{"start":{"line":34,"column":4},"end":{"line":38,"column":5}},"type":"if","locations":[{"start":{"line":34,"column":4},"end":{"line":38,"column":5}},{"start":{"line":34,"column":4},"end":{"line":38,"column":5}}],"line":34},"1":{"loc":{"start":{"line":42,"column":4},"end":{"line":44,"column":5}},"type":"if","locations":[{"start":{"line":42,"column":4},"end":{"line":44,"column":5}},{"start":{"line":42,"column":4},"end":{"line":44,"column":5}}],"line":42},"2":{"loc":{"start":{"line":47,"column":2},"end":{"line":51,"column":3}},"type":"if","locations":[{"start":{"line":47,"column":2},"end":{"line":51,"column":3}},{"start":{"line":47,"column":2},"end":{"line":51,"column":3}}],"line":47}},"s":{"0":3,"1":11,"2":11,"3":11,"4":11,"5":11,"6":5,"7":5,"8":5,"9":2,"10":2,"11":2,"12":11,"13":1,"14":1,"15":0,"16":1,"17":11,"18":7,"19":2,"20":11,"21":2,"22":9,"23":3},"f":{"0":11,"1":5,"2":2,"3":2,"4":2,"5":1,"6":7},"b":{"0":[0,1],"1":[2,5],"2":[2,9]},"_coverageSchema":"43e27e138ebf9cfc5966b082cf9a028302ed4184","hash":"50545d484978645f87cb0306468be6c549dbd8cb"}
,"/home/agustin.fredes/LeoniLabsChallenge/src/Components/templates/Details/index.js": {"path":"/home/agustin.fredes/LeoniLabsChallenge/src/Components/templates/Details/index.js","statementMap":{"0":{"start":{"line":12,"column":23},"end":{"line":16,"column":1}},"1":{"start":{"line":13,"column":2},"end":{"line":15,"column":3}},"2":{"start":{"line":18,"column":16},"end":{"line":127,"column":1}},"3":{"start":{"line":19,"column":16},"end":{"line":65,"column":4}},"4":{"start":{"line":20,"column":17},"end":{"line":20,"column":72}},"5":{"start":{"line":21,"column":2},"end":{"line":64,"column":4}},"6":{"start":{"line":67,"column":2},"end":{"line":126,"column":4}},"7":{"start":{"line":130,"column":0},"end":{"line":132,"column":2}},"8":{"start":{"line":134,"column":0},"end":{"line":134,"column":32}}},"fnMap":{"0":{"name":"(anonymous_0)","decl":{"start":{"line":12,"column":23},"end":{"line":12,"column":24}},"loc":{"start":{"line":12,"column":34},"end":{"line":16,"column":1}},"line":12},"1":{"name":"(anonymous_1)","decl":{"start":{"line":18,"column":16},"end":{"line":18,"column":17}},"loc":{"start":{"line":18,"column":28},"end":{"line":127,"column":1}},"line":18},"2":{"name":"(anonymous_2)","decl":{"start":{"line":19,"column":31},"end":{"line":19,"column":32}},"loc":{"start":{"line":19,"column":38},"end":{"line":65,"column":3}},"line":19}},"branchMap":{"0":{"loc":{"start":{"line":28,"column":10},"end":{"line":32,"column":11}},"type":"binary-expr","locations":[{"start":{"line":28,"column":10},"end":{"line":28,"column":20}},{"start":{"line":29,"column":12},"end":{"line":31,"column":29}}],"line":28},"1":{"loc":{"start":{"line":35,"column":10},"end":{"line":39,"column":11}},"type":"binary-expr","locations":[{"start":{"line":35,"column":10},"end":{"line":35,"column":19}},{"start":{"line":36,"column":12},"end":{"line":38,"column":29}}],"line":35},"2":{"loc":{"start":{"line":42,"column":10},"end":{"line":46,"column":11}},"type":"binary-expr","locations":[{"start":{"line":42,"column":10},"end":{"line":42,"column":23}},{"start":{"line":43,"column":12},"end":{"line":45,"column":29}}],"line":42},"3":{"loc":{"start":{"line":49,"column":10},"end":{"line":53,"column":11}},"type":"binary-expr","locations":[{"start":{"line":49,"column":10},"end":{"line":49,"column":24}},{"start":{"line":50,"column":12},"end":{"line":52,"column":29}}],"line":49},"4":{"loc":{"start":{"line":56,"column":10},"end":{"line":60,"column":11}},"type":"binary-expr","locations":[{"start":{"line":56,"column":10},"end":{"line":56,"column":22}},{"start":{"line":57,"column":12},"end":{"line":59,"column":29}}],"line":56},"5":{"loc":{"start":{"line":71,"column":33},"end":{"line":71,"column":75}},"type":"cond-expr","locations":[{"start":{"line":71,"column":54},"end":{"line":71,"column":70}},{"start":{"line":71,"column":73},"end":{"line":71,"column":75}}],"line":71}},"s":{"0":4,"1":30,"2":4,"3":3,"4":3,"5":3,"6":3,"7":4,"8":4},"f":{"0":30,"1":3,"2":3},"b":{"0":[3,3],"1":[3,3],"2":[3,3],"3":[3,3],"4":[3,3],"5":[1,2]},"_coverageSchema":"43e27e138ebf9cfc5966b082cf9a028302ed4184","hash":"7db92be5408220a3a05d28adc04830e57ed04acf"}
,"/home/agustin.fredes/LeoniLabsChallenge/src/Components/templates/Details/style.js": {"path":"/home/agustin.fredes/LeoniLabsChallenge/src/Components/templates/Details/style.js","statementMap":{"0":{"start":{"line":3,"column":19},"end":{"line":5,"column":1}},"1":{"start":{"line":7,"column":0},"end":{"line":7,"column":38}}},"fnMap":{},"branchMap":{},"s":{"0":4,"1":4},"f":{},"b":{},"_coverageSchema":"43e27e138ebf9cfc5966b082cf9a028302ed4184","hash":"51fa9d0e33048b333af4f2ec8f567598008942a6"}
,"/home/agustin.fredes/LeoniLabsChallenge/src/Components/templates/Footer/index.js": {"path":"/home/agustin.fredes/LeoniLabsChallenge/src/Components/templates/Footer/index.js","statementMap":{"0":{"start":{"line":6,"column":15},"end":{"line":20,"column":1}},"1":{"start":{"line":7,"column":2},"end":{"line":19,"column":4}},"2":{"start":{"line":22,"column":0},"end":{"line":22,"column":30}}},"fnMap":{"0":{"name":"(anonymous_0)","decl":{"start":{"line":6,"column":15},"end":{"line":6,"column":16}},"loc":{"start":{"line":6,"column":21},"end":{"line":20,"column":1}},"line":6}},"branchMap":{},"s":{"0":3,"1":2,"2":3},"f":{"0":2},"b":{},"_coverageSchema":"43e27e138ebf9cfc5966b082cf9a028302ed4184","hash":"abd2a774ab996aeac5ae29944a09b3558f555af8"}
,"/home/agustin.fredes/LeoniLabsChallenge/src/Components/templates/Header/index.js": {"path":"/home/agustin.fredes/LeoniLabsChallenge/src/Components/templates/Header/index.js","statementMap":{"0":{"start":{"line":5,"column":15},"end":{"line":13,"column":1}},"1":{"start":{"line":6,"column":2},"end":{"line":12,"column":4}},"2":{"start":{"line":15,"column":0},"end":{"line":15,"column":30}}},"fnMap":{"0":{"name":"(anonymous_0)","decl":{"start":{"line":5,"column":15},"end":{"line":5,"column":16}},"loc":{"start":{"line":5,"column":21},"end":{"line":13,"column":1}},"line":5}},"branchMap":{},"s":{"0":3,"1":2,"2":3},"f":{"0":2},"b":{},"_coverageSchema":"43e27e138ebf9cfc5966b082cf9a028302ed4184","hash":"8655c20d7079985de1811125680021f408dbd5cf"}
,"/home/agustin.fredes/LeoniLabsChallenge/src/Components/templates/Results/index.js": {"path":"/home/agustin.fredes/LeoniLabsChallenge/src/Components/templates/Results/index.js","statementMap":{"0":{"start":{"line":8,"column":16},"end":{"line":35,"column":1}},"1":{"start":{"line":10,"column":36},"end":{"line":10,"column":48}},"2":{"start":{"line":12,"column":2},"end":{"line":14,"column":13}},"3":{"start":{"line":13,"column":4},"end":{"line":13,"column":23}},"4":{"start":{"line":16,"column":2},"end":{"line":22,"column":3}},"5":{"start":{"line":17,"column":4},"end":{"line":21,"column":6}},"6":{"start":{"line":24,"column":24},"end":{"line":28,"column":35}},"7":{"start":{"line":25,"column":4},"end":{"line":25,"column":33}},"8":{"start":{"line":27,"column":4},"end":{"line":27,"column":56}},"9":{"start":{"line":28,"column":19},"end":{"line":28,"column":34}},"10":{"start":{"line":30,"column":2},"end":{"line":34,"column":4}},"11":{"start":{"line":37,"column":0},"end":{"line":43,"column":1}},"12":{"start":{"line":45,"column":0},"end":{"line":45,"column":32}}},"fnMap":{"0":{"name":"(anonymous_0)","decl":{"start":{"line":8,"column":16},"end":{"line":8,"column":17}},"loc":{"start":{"line":8,"column":46},"end":{"line":35,"column":1}},"line":8},"1":{"name":"(anonymous_1)","decl":{"start":{"line":12,"column":12},"end":{"line":12,"column":13}},"loc":{"start":{"line":12,"column":18},"end":{"line":14,"column":3}},"line":12},"2":{"name":"(anonymous_2)","decl":{"start":{"line":24,"column":55},"end":{"line":24,"column":56}},"loc":{"start":{"line":24,"column":62},"end":{"line":26,"column":3}},"line":24},"3":{"name":"(anonymous_3)","decl":{"start":{"line":26,"column":9},"end":{"line":26,"column":10}},"loc":{"start":{"line":26,"column":16},"end":{"line":28,"column":3}},"line":26},"4":{"name":"(anonymous_4)","decl":{"start":{"line":28,"column":12},"end":{"line":28,"column":13}},"loc":{"start":{"line":28,"column":19},"end":{"line":28,"column":34}},"line":28}},"branchMap":{"0":{"loc":{"start":{"line":16,"column":2},"end":{"line":22,"column":3}},"type":"if","locations":[{"start":{"line":16,"column":2},"end":{"line":22,"column":3}},{"start":{"line":16,"column":2},"end":{"line":22,"column":3}}],"line":16}},"s":{"0":3,"1":14,"2":14,"3":5,"4":14,"5":12,"6":2,"7":2,"8":2,"9":2,"10":2,"11":3,"12":3},"f":{"0":14,"1":5,"2":2,"3":2,"4":2},"b":{"0":[12,2]},"_coverageSchema":"43e27e138ebf9cfc5966b082cf9a028302ed4184","hash":"25c77618bd6ca0b421b7af30a7444da31377de1f"}
,"/home/agustin.fredes/LeoniLabsChallenge/src/Components/templates/Searcher/formattedNames.js": {"path":"/home/agustin.fredes/LeoniLabsChallenge/src/Components/templates/Searcher/formattedNames.js","statementMap":{"0":{"start":{"line":1,"column":23},"end":{"line":7,"column":1}}},"fnMap":{},"branchMap":{},"s":{"0":4},"f":{},"b":{},"_coverageSchema":"43e27e138ebf9cfc5966b082cf9a028302ed4184","hash":"6f6a803be7e79fac8d841f17f3467acfacdf83cf"}
,"/home/agustin.fredes/LeoniLabsChallenge/src/Components/templates/Searcher/index.js": {"path":"/home/agustin.fredes/LeoniLabsChallenge/src/Components/templates/Searcher/index.js","statementMap":{"0":{"start":{"line":12,"column":17},"end":{"line":174,"column":1}},"1":{"start":{"line":13,"column":50},"end":{"line":13,"column":69}},"2":{"start":{"line":15,"column":25},"end":{"line":31,"column":3}},"3":{"start":{"line":16,"column":4},"end":{"line":30,"column":5}},"4":{"start":{"line":17,"column":24},"end":{"line":17,"column":70}},"5":{"start":{"line":18,"column":6},"end":{"line":18,"column":32}},"6":{"start":{"line":19,"column":6},"end":{"line":19,"column":59}},"7":{"start":{"line":21,"column":6},"end":{"line":29,"column":7}},"8":{"start":{"line":33,"column":42},"end":{"line":41,"column":4}},"9":{"start":{"line":43,"column":56},"end":{"line":51,"column":4}},"10":{"start":{"line":53,"column":40},"end":{"line":59,"column":4}},"11":{"start":{"line":61,"column":2},"end":{"line":81,"column":63}},"12":{"start":{"line":62,"column":4},"end":{"line":79,"column":5}},"13":{"start":{"line":63,"column":6},"end":{"line":71,"column":7}},"14":{"start":{"line":73,"column":6},"end":{"line":78,"column":7}},"15":{"start":{"line":83,"column":24},"end":{"line":86,"column":3}},"16":{"start":{"line":84,"column":21},"end":{"line":84,"column":57}},"17":{"start":{"line":85,"column":4},"end":{"line":85,"column":29}},"18":{"start":{"line":88,"column":24},"end":{"line":94,"column":3}},"19":{"start":{"line":89,"column":4},"end":{"line":93,"column":5}},"20":{"start":{"line":90,"column":23},"end":{"line":90,"column":110}},"21":{"start":{"line":91,"column":6},"end":{"line":91,"column":32}},"22":{"start":{"line":92,"column":6},"end":{"line":92,"column":33}},"23":{"start":{"line":96,"column":20},"end":{"line":98,"column":3}},"24":{"start":{"line":97,"column":4},"end":{"line":97,"column":34}},"25":{"start":{"line":100,"column":21},"end":{"line":106,"column":3}},"26":{"start":{"line":101,"column":21},"end":{"line":101,"column":65}},"27":{"start":{"line":102,"column":4},"end":{"line":102,"column":36}},"28":{"start":{"line":103,"column":4},"end":{"line":105,"column":5}},"29":{"start":{"line":104,"column":6},"end":{"line":104,"column":29}},"30":{"start":{"line":108,"column":23},"end":{"line":128,"column":3}},"31":{"start":{"line":109,"column":4},"end":{"line":127,"column":6}},"32":{"start":{"line":130,"column":25},"end":{"line":165,"column":3}},"33":{"start":{"line":131,"column":4},"end":{"line":164,"column":5}},"34":{"start":{"line":145,"column":12},"end":{"line":159,"column":15}},"35":{"start":{"line":146,"column":14},"end":{"line":158,"column":17}},"36":{"start":{"line":149,"column":64},"end":{"line":149,"column":84}},"37":{"start":{"line":160,"column":12},"end":{"line":160,"column":24}},"38":{"start":{"line":167,"column":2},"end":{"line":173,"column":4}},"39":{"start":{"line":171,"column":30},"end":{"line":171,"column":49}},"40":{"start":{"line":176,"column":0},"end":{"line":178,"column":1}},"41":{"start":{"line":180,"column":0},"end":{"line":180,"column":34}}},"fnMap":{"0":{"name":"(anonymous_0)","decl":{"start":{"line":12,"column":17},"end":{"line":12,"column":18}},"loc":{"start":{"line":12,"column":31},"end":{"line":174,"column":1}},"line":12},"1":{"name":"(anonymous_1)","decl":{"start":{"line":15,"column":25},"end":{"line":15,"column":26}},"loc":{"start":{"line":15,"column":36},"end":{"line":31,"column":3}},"line":15},"2":{"name":"(anonymous_2)","decl":{"start":{"line":61,"column":12},"end":{"line":61,"column":13}},"loc":{"start":{"line":61,"column":18},"end":{"line":81,"column":3}},"line":61},"3":{"name":"(anonymous_3)","decl":{"start":{"line":83,"column":24},"end":{"line":83,"column":25}},"loc":{"start":{"line":83,"column":40},"end":{"line":86,"column":3}},"line":83},"4":{"name":"(anonymous_4)","decl":{"start":{"line":88,"column":24},"end":{"line":88,"column":25}},"loc":{"start":{"line":88,"column":35},"end":{"line":94,"column":3}},"line":88},"5":{"name":"(anonymous_5)","decl":{"start":{"line":96,"column":20},"end":{"line":96,"column":21}},"loc":{"start":{"line":96,"column":31},"end":{"line":98,"column":3}},"line":96},"6":{"name":"(anonymous_6)","decl":{"start":{"line":100,"column":21},"end":{"line":100,"column":22}},"loc":{"start":{"line":100,"column":38},"end":{"line":106,"column":3}},"line":100},"7":{"name":"(anonymous_7)","decl":{"start":{"line":108,"column":23},"end":{"line":108,"column":24}},"loc":{"start":{"line":108,"column":29},"end":{"line":128,"column":3}},"line":108},"8":{"name":"(anonymous_8)","decl":{"start":{"line":130,"column":25},"end":{"line":130,"column":26}},"loc":{"start":{"line":130,"column":31},"end":{"line":165,"column":3}},"line":130},"9":{"name":"(anonymous_9)","decl":{"start":{"line":144,"column":41},"end":{"line":144,"column":42}},"loc":{"start":{"line":144,"column":48},"end":{"line":161,"column":11}},"line":144},"10":{"name":"(anonymous_10)","decl":{"start":{"line":149,"column":53},"end":{"line":149,"column":54}},"loc":{"start":{"line":149,"column":64},"end":{"line":149,"column":84}},"line":149},"11":{"name":"(anonymous_11)","decl":{"start":{"line":171,"column":23},"end":{"line":171,"column":24}},"loc":{"start":{"line":171,"column":29},"end":{"line":171,"column":50}},"line":171}},"branchMap":{"0":{"loc":{"start":{"line":16,"column":4},"end":{"line":30,"column":5}},"type":"if","locations":[{"start":{"line":16,"column":4},"end":{"line":30,"column":5}},{"start":{"line":16,"column":4},"end":{"line":30,"column":5}}],"line":16},"1":{"loc":{"start":{"line":62,"column":4},"end":{"line":79,"column":5}},"type":"if","locations":[{"start":{"line":62,"column":4},"end":{"line":79,"column":5}},{"start":{"line":62,"column":4},"end":{"line":79,"column":5}}],"line":62},"2":{"loc":{"start":{"line":89,"column":4},"end":{"line":93,"column":5}},"type":"if","locations":[{"start":{"line":89,"column":4},"end":{"line":93,"column":5}},{"start":{"line":89,"column":4},"end":{"line":93,"column":5}}],"line":89},"3":{"loc":{"start":{"line":103,"column":4},"end":{"line":105,"column":5}},"type":"if","locations":[{"start":{"line":103,"column":4},"end":{"line":105,"column":5}},{"start":{"line":103,"column":4},"end":{"line":105,"column":5}}],"line":103},"4":{"loc":{"start":{"line":145,"column":12},"end":{"line":159,"column":15}},"type":"if","locations":[{"start":{"line":145,"column":12},"end":{"line":159,"column":15}},{"start":{"line":145,"column":12},"end":{"line":159,"column":15}}],"line":145},"5":{"loc":{"start":{"line":170,"column":7},"end":{"line":170,"column":67}},"type":"cond-expr","locations":[{"start":{"line":170,"column":33},"end":{"line":170,"column":49}},{"start":{"line":170,"column":53},"end":{"line":170,"column":67}}],"line":170}},"s":{"0":4,"1":40,"2":40,"3":4,"4":3,"5":3,"6":3,"7":1,"8":40,"9":40,"10":40,"11":40,"12":19,"13":14,"14":5,"15":40,"16":3,"17":3,"18":40,"19":1,"20":1,"21":1,"22":1,"23":40,"24":1,"25":40,"26":1,"27":1,"28":1,"29":0,"30":40,"31":30,"32":40,"33":10,"34":70,"35":50,"36":1,"37":20,"38":40,"39":2,"40":4,"41":4},"f":{"0":40,"1":4,"2":19,"3":3,"4":1,"5":1,"6":1,"7":30,"8":10,"9":70,"10":1,"11":2},"b":{"0":[3,1],"1":[14,5],"2":[1,0],"3":[0,1],"4":[50,20],"5":[10,30]},"_coverageSchema":"43e27e138ebf9cfc5966b082cf9a028302ed4184","hash":"cf45158795bafe23a45fcd450f74fd984728d71b"}
,"/home/agustin.fredes/LeoniLabsChallenge/src/utils/doFilter/index.js": {"path":"/home/agustin.fredes/LeoniLabsChallenge/src/utils/doFilter/index.js","statementMap":{"0":{"start":{"line":1,"column":17},"end":{"line":13,"column":1}},"1":{"start":{"line":2,"column":2},"end":{"line":11,"column":3}},"2":{"start":{"line":3,"column":14},"end":{"line":3,"column":30}},"3":{"start":{"line":4,"column":8},"end":{"line":4,"column":9}},"4":{"start":{"line":5,"column":4},"end":{"line":10,"column":5}},"5":{"start":{"line":6,"column":6},"end":{"line":6,"column":50}},"6":{"start":{"line":6,"column":44},"end":{"line":6,"column":50}},"7":{"start":{"line":7,"column":6},"end":{"line":9,"column":7}},"8":{"start":{"line":8,"column":8},"end":{"line":8,"column":21}},"9":{"start":{"line":12,"column":2},"end":{"line":12,"column":13}}},"fnMap":{"0":{"name":"(anonymous_0)","decl":{"start":{"line":1,"column":17},"end":{"line":1,"column":18}},"loc":{"start":{"line":1,"column":38},"end":{"line":13,"column":1}},"line":1}},"branchMap":{"0":{"loc":{"start":{"line":2,"column":2},"end":{"line":11,"column":3}},"type":"if","locations":[{"start":{"line":2,"column":2},"end":{"line":11,"column":3}},{"start":{"line":2,"column":2},"end":{"line":11,"column":3}}],"line":2},"1":{"loc":{"start":{"line":6,"column":6},"end":{"line":6,"column":50}},"type":"if","locations":[{"start":{"line":6,"column":6},"end":{"line":6,"column":50}},{"start":{"line":6,"column":6},"end":{"line":6,"column":50}}],"line":6},"2":{"loc":{"start":{"line":7,"column":6},"end":{"line":9,"column":7}},"type":"if","locations":[{"start":{"line":7,"column":6},"end":{"line":9,"column":7}},{"start":{"line":7,"column":6},"end":{"line":9,"column":7}}],"line":7},"3":{"loc":{"start":{"line":7,"column":10},"end":{"line":7,"column":109}},"type":"binary-expr","locations":[{"start":{"line":7,"column":10},"end":{"line":7,"column":54}},{"start":{"line":7,"column":58},"end":{"line":7,"column":109}}],"line":7}},"s":{"0":3,"1":2,"2":2,"3":2,"4":2,"5":0,"6":0,"7":0,"8":0,"9":2},"f":{"0":2},"b":{"0":[2,0],"1":[0,0],"2":[0,0],"3":[0,0]},"_coverageSchema":"43e27e138ebf9cfc5966b082cf9a028302ed4184","hash":"d1a7821af89dea0ff1a5ea978e465b6d42e2d604"}
,"/home/agustin.fredes/LeoniLabsChallenge/src/utils/doSearch/index.js": {"path":"/home/agustin.fredes/LeoniLabsChallenge/src/utils/doSearch/index.js","statementMap":{"0":{"start":{"line":1,"column":17},"end":{"line":15,"column":1}},"1":{"start":{"line":2,"column":2},"end":{"line":13,"column":3}},"2":{"start":{"line":3,"column":4},"end":{"line":3,"column":94}},"3":{"start":{"line":4,"column":4},"end":{"line":4,"column":11}},"4":{"start":{"line":6,"column":4},"end":{"line":12,"column":5}},"5":{"start":{"line":7,"column":6},"end":{"line":11,"column":9}},"6":{"start":{"line":8,"column":8},"end":{"line":8,"column":42}},"7":{"start":{"line":10,"column":10},"end":{"line":10,"column":76}}},"fnMap":{"0":{"name":"(anonymous_0)","decl":{"start":{"line":1,"column":17},"end":{"line":1,"column":18}},"loc":{"start":{"line":1,"column":45},"end":{"line":15,"column":1}},"line":1},"1":{"name":"(anonymous_1)","decl":{"start":{"line":7,"column":57},"end":{"line":7,"column":58}},"loc":{"start":{"line":7,"column":73},"end":{"line":9,"column":7}},"line":7},"2":{"name":"(anonymous_2)","decl":{"start":{"line":9,"column":13},"end":{"line":9,"column":14}},"loc":{"start":{"line":9,"column":26},"end":{"line":11,"column":7}},"line":9}},"branchMap":{"0":{"loc":{"start":{"line":2,"column":2},"end":{"line":13,"column":3}},"type":"if","locations":[{"start":{"line":2,"column":2},"end":{"line":13,"column":3}},{"start":{"line":2,"column":2},"end":{"line":13,"column":3}}],"line":2},"1":{"loc":{"start":{"line":2,"column":6},"end":{"line":2,"column":58}},"type":"binary-expr","locations":[{"start":{"line":2,"column":6},"end":{"line":2,"column":23}},{"start":{"line":2,"column":27},"end":{"line":2,"column":58}}],"line":2},"2":{"loc":{"start":{"line":6,"column":4},"end":{"line":12,"column":5}},"type":"if","locations":[{"start":{"line":6,"column":4},"end":{"line":12,"column":5}},{"start":{"line":6,"column":4},"end":{"line":12,"column":5}}],"line":6}},"s":{"0":3,"1":0,"2":0,"3":0,"4":0,"5":0,"6":0,"7":0},"f":{"0":0,"1":0,"2":0},"b":{"0":[0,0],"1":[0,0],"2":[0,0]},"_coverageSchema":"43e27e138ebf9cfc5966b082cf9a028302ed4184","hash":"96b2d1a5e93a873e3d8e338661dab76384b074ce"}
,"/home/agustin.fredes/LeoniLabsChallenge/src/utils/fetchResults/index.js": {"path":"/home/agustin.fredes/LeoniLabsChallenge/src/utils/fetchResults/index.js","statementMap":{"0":{"start":{"line":1,"column":20},"end":{"line":71,"column":1}},"1":{"start":{"line":3,"column":2},"end":{"line":31,"column":4}},"2":{"start":{"line":4,"column":16},"end":{"line":30,"column":6}},"3":{"start":{"line":34,"column":2},"end":{"line":34,"column":35}},"4":{"start":{"line":37,"column":0},"end":{"line":69,"column":2}},"5":{"start":{"line":38,"column":14},"end":{"line":68,"column":4}}},"fnMap":{"0":{"name":"(anonymous_0)","decl":{"start":{"line":2,"column":19},"end":{"line":2,"column":20}},"loc":{"start":{"line":3,"column":2},"end":{"line":31,"column":4}},"line":3},"1":{"name":"(anonymous_1)","decl":{"start":{"line":4,"column":10},"end":{"line":4,"column":11}},"loc":{"start":{"line":4,"column":16},"end":{"line":30,"column":6}},"line":4},"2":{"name":"(anonymous_2)","decl":{"start":{"line":33,"column":15},"end":{"line":33,"column":16}},"loc":{"start":{"line":34,"column":2},"end":{"line":34,"column":35}},"line":34},"3":{"name":"(anonymous_3)","decl":{"start":{"line":36,"column":20},"end":{"line":36,"column":21}},"loc":{"start":{"line":37,"column":0},"end":{"line":69,"column":2}},"line":37},"4":{"name":"(anonymous_4)","decl":{"start":{"line":38,"column":8},"end":{"line":38,"column":9}},"loc":{"start":{"line":38,"column":14},"end":{"line":68,"column":4}},"line":38}},"branchMap":{},"s":{"0":2,"1":1,"2":1,"3":3,"4":2,"5":2},"f":{"0":1,"1":1,"2":3,"3":2,"4":2},"b":{},"_coverageSchema":"43e27e138ebf9cfc5966b082cf9a028302ed4184","hash":"25da43a35eeaab4ae4ed6323bc2373b69dfadd44"}
,"/home/agustin.fredes/LeoniLabsChallenge/src/utils/getAge/index.js": {"path":"/home/agustin.fredes/LeoniLabsChallenge/src/utils/getAge/index.js","statementMap":{"0":{"start":{"line":8,"column":15},"end":{"line":16,"column":1}},"1":{"start":{"line":9,"column":41},"end":{"line":11,"column":4}},"2":{"start":{"line":10,"column":4},"end":{"line":10,"column":22}},"3":{"start":{"line":12,"column":19},"end":{"line":12,"column":57}},"4":{"start":{"line":13,"column":15},"end":{"line":13,"column":25}},"5":{"start":{"line":14,"column":13},"end":{"line":14,"column":48}},"6":{"start":{"line":15,"column":2},"end":{"line":15,"column":76}}},"fnMap":{"0":{"name":"(anonymous_0)","decl":{"start":{"line":8,"column":15},"end":{"line":8,"column":16}},"loc":{"start":{"line":8,"column":25},"end":{"line":16,"column":1}},"line":8},"1":{"name":"(anonymous_1)","decl":{"start":{"line":9,"column":61},"end":{"line":9,"column":62}},"loc":{"start":{"line":9,"column":68},"end":{"line":11,"column":3}},"line":9}},"branchMap":{},"s":{"0":4,"1":3,"2":9,"3":3,"4":3,"5":3,"6":3},"f":{"0":3,"1":9},"b":{},"_coverageSchema":"43e27e138ebf9cfc5966b082cf9a028302ed4184","hash":"d26c748c53e5e6a347dd18f80468a4fccd166c9f"}
}
