TN:
SF:/home/agustin.fredes/LeoniLabsChallenge/src/App.js
FN:14,App
FNF:1
FNH:1
FNDA:1,App
DA:15,1
LF:1
LH:1
BRF:0
BRH:0
end_of_record
TN:
SF:/home/agustin.fredes/LeoniLabsChallenge/src/index.js
FN:6,(anonymous_0)
FNF:1
FNH:1
FNDA:2,(anonymous_0)
DA:6,1
DA:7,2
DA:10,1
DA:11,1
LF:4
LH:4
BRF:0
BRH:0
end_of_record
TN:
SF:/home/agustin.fredes/LeoniLabsChallenge/src/Components/atoms/Button/index.js
FN:5,(anonymous_0)
FNF:1
FNH:1
FNDA:42,(anonymous_0)
DA:5,5
DA:6,42
DA:7,42
DA:14,5
DA:28,5
DA:41,5
LF:6
LH:6
BRF:0
BRH:0
end_of_record
TN:
SF:/home/agustin.fredes/LeoniLabsChallenge/src/Components/atoms/Button/style.js
FN:4,(anonymous_0)
FN:5,(anonymous_1)
FN:6,(anonymous_2)
FN:7,(anonymous_3)
FN:8,(anonymous_4)
FN:9,(anonymous_5)
FN:10,(anonymous_6)
FN:11,(anonymous_7)
FNF:8
FNH:8
FNDA:42,(anonymous_0)
FNDA:42,(anonymous_1)
FNDA:42,(anonymous_2)
FNDA:42,(anonymous_3)
FNDA:42,(anonymous_4)
FNDA:42,(anonymous_5)
FNDA:42,(anonymous_6)
FNDA:42,(anonymous_7)
DA:3,5
DA:4,42
DA:5,42
DA:6,42
DA:7,42
DA:8,42
DA:9,42
DA:10,42
DA:11,42
DA:24,5
LF:10
LH:10
BRF:0
BRH:0
end_of_record
TN:
SF:/home/agustin.fredes/LeoniLabsChallenge/src/Components/atoms/CheckBox/index.js
FN:7,(anonymous_0)
FN:10,(anonymous_1)
FN:15,(anonymous_2)
FNF:3
FNH:3
FNDA:94,(anonymous_0)
FNDA:5,(anonymous_1)
FNDA:28,(anonymous_2)
DA:7,5
DA:8,94
DA:10,94
DA:11,5
DA:12,5
DA:15,94
DA:16,28
DA:17,1
DA:21,94
DA:31,5
DA:37,5
DA:42,5
LF:12
LH:12
BRDA:16,0,0,1
BRDA:16,0,1,27
BRF:2
BRH:2
end_of_record
TN:
SF:/home/agustin.fredes/LeoniLabsChallenge/src/Components/atoms/CheckBox/style.js
FNF:0
FNH:0
DA:3,5
DA:7,5
LF:2
LH:2
BRF:0
BRH:0
end_of_record
TN:
SF:/home/agustin.fredes/LeoniLabsChallenge/src/Components/atoms/Container/index.js
FN:5,(anonymous_0)
FNF:1
FNH:1
FNDA:683,(anonymous_0)
DA:5,14
DA:6,683
DA:13,14
DA:41,14
DA:61,14
LF:5
LH:5
BRF:0
BRH:0
end_of_record
TN:
SF:/home/agustin.fredes/LeoniLabsChallenge/src/Components/atoms/Container/style.js
FN:4,(anonymous_0)
FN:5,(anonymous_1)
FN:8,(anonymous_2)
FN:9,(anonymous_3)
FN:10,(anonymous_4)
FN:11,(anonymous_5)
FN:12,(anonymous_6)
FN:13,(anonymous_7)
FN:14,(anonymous_8)
FN:15,(anonymous_9)
FN:16,(anonymous_10)
FN:17,(anonymous_11)
FN:18,(anonymous_12)
FN:20,(anonymous_13)
FN:21,(anonymous_14)
FN:23,(anonymous_15)
FN:24,(anonymous_16)
FN:25,(anonymous_17)
FN:26,(anonymous_18)
FN:28,(anonymous_19)
FN:30,(anonymous_20)
FN:31,(anonymous_21)
FN:32,(anonymous_22)
FN:33,(anonymous_23)
FNF:24
FNH:24
FNDA:683,(anonymous_0)
FNDA:683,(anonymous_1)
FNDA:683,(anonymous_2)
FNDA:683,(anonymous_3)
FNDA:683,(anonymous_4)
FNDA:683,(anonymous_5)
FNDA:683,(anonymous_6)
FNDA:683,(anonymous_7)
FNDA:683,(anonymous_8)
FNDA:683,(anonymous_9)
FNDA:683,(anonymous_10)
FNDA:683,(anonymous_11)
FNDA:683,(anonymous_12)
FNDA:683,(anonymous_13)
FNDA:683,(anonymous_14)
FNDA:683,(anonymous_15)
FNDA:683,(anonymous_16)
FNDA:683,(anonymous_17)
FNDA:683,(anonymous_18)
FNDA:683,(anonymous_19)
FNDA:683,(anonymous_20)
FNDA:683,(anonymous_21)
FNDA:683,(anonymous_22)
FNDA:683,(anonymous_23)
DA:3,14
DA:4,683
DA:5,683
DA:8,683
DA:9,683
DA:10,683
DA:11,683
DA:12,683
DA:13,683
DA:14,683
DA:15,683
DA:16,683
DA:17,683
DA:18,683
DA:20,683
DA:21,683
DA:23,683
DA:24,683
DA:25,683
DA:26,683
DA:28,683
DA:30,683
DA:31,683
DA:32,683
DA:33,683
DA:36,14
LF:26
LH:26
BRDA:23,0,0,1
BRDA:23,0,1,682
BRDA:24,1,0,32
BRDA:24,1,1,651
BRDA:25,2,0,4
BRDA:25,2,1,679
BRDA:26,3,0,41
BRDA:26,3,1,642
BRDA:30,4,0,1
BRDA:30,4,1,682
BRDA:31,5,0,1
BRDA:31,5,1,682
BRDA:32,6,0,1
BRDA:32,6,1,682
BRDA:33,7,0,1
BRDA:33,7,1,682
BRF:16
BRH:16
end_of_record
TN:
SF:/home/agustin.fredes/LeoniLabsChallenge/src/Components/atoms/Loader/index.js
FN:5,(anonymous_0)
FNF:1
FNH:1
FNDA:16,(anonymous_0)
DA:5,5
DA:6,16
DA:11,5
DA:17,5
DA:23,5
LF:5
LH:5
BRF:0
BRH:0
end_of_record
TN:
SF:/home/agustin.fredes/LeoniLabsChallenge/src/Components/atoms/Loader/style.js
FN:14,(anonymous_0)
FN:15,(anonymous_1)
FN:17,(anonymous_2)
FN:18,(anonymous_3)
FN:19,(anonymous_4)
FNF:5
FNH:5
FNDA:16,(anonymous_0)
FNDA:16,(anonymous_1)
FNDA:16,(anonymous_2)
FNDA:16,(anonymous_3)
FNDA:16,(anonymous_4)
DA:3,5
DA:13,5
DA:14,16
DA:15,16
DA:17,16
DA:18,16
DA:19,16
LF:7
LH:7
BRF:0
BRH:0
end_of_record
TN:
SF:/home/agustin.fredes/LeoniLabsChallenge/src/Components/atoms/RadioInput/index.js
FN:7,(anonymous_0)
FN:8,(anonymous_1)
FNF:2
FNH:2
FNDA:182,(anonymous_0)
FNDA:1,(anonymous_1)
DA:7,5
DA:8,182
DA:9,1
DA:12,182
DA:22,5
DA:30,5
DA:35,5
LF:7
LH:7
BRF:0
BRH:0
end_of_record
TN:
SF:/home/agustin.fredes/LeoniLabsChallenge/src/Components/atoms/RadioInput/style.js
FNF:0
FNH:0
DA:3,5
DA:7,5
LF:2
LH:2
BRF:0
BRH:0
end_of_record
TN:
SF:/home/agustin.fredes/LeoniLabsChallenge/src/Components/atoms/SocialNetworkLink/index.js
FN:13,(anonymous_0)
FN:30,(anonymous_1)
FNF:2
FNH:2
FNDA:40,(anonymous_0)
FNDA:40,(anonymous_1)
DA:13,9
DA:14,40
DA:16,9
DA:18,9
DA:20,9
DA:22,9
DA:24,3
DA:26,1
DA:30,9
DA:31,40
DA:40,9
DA:47,9
DA:52,9
LF:13
LH:13
BRDA:14,0,0,9
BRDA:14,0,1,9
BRDA:14,0,2,9
BRDA:14,0,3,9
BRDA:14,0,4,3
BRDA:14,0,5,1
BRF:6
BRH:6
end_of_record
TN:
SF:/home/agustin.fredes/LeoniLabsChallenge/src/Components/atoms/SocialNetworkLink/style.js
FNF:0
FNH:0
DA:3,9
DA:12,9
LF:2
LH:2
BRF:0
BRH:0
end_of_record
TN:
SF:/home/agustin.fredes/LeoniLabsChallenge/src/Components/atoms/Text/index.js
FN:5,(anonymous_0)
FNF:1
FNH:1
FNDA:457,(anonymous_0)
DA:5,15
DA:6,457
DA:13,15
DA:22,15
DA:31,15
LF:5
LH:5
BRF:0
BRH:0
end_of_record
TN:
SF:/home/agustin.fredes/LeoniLabsChallenge/src/Components/atoms/Text/style.js
FN:4,(anonymous_0)
FN:5,(anonymous_1)
FN:6,(anonymous_2)
FN:7,(anonymous_3)
FN:8,(anonymous_4)
FN:9,(anonymous_5)
FNF:6
FNH:6
FNDA:457,(anonymous_0)
FNDA:457,(anonymous_1)
FNDA:457,(anonymous_2)
FNDA:457,(anonymous_3)
FNDA:457,(anonymous_4)
FNDA:457,(anonymous_5)
DA:3,15
DA:4,457
DA:5,457
DA:6,457
DA:7,457
DA:8,457
DA:9,457
DA:12,15
LF:8
LH:8
BRF:0
BRH:0
end_of_record
TN:
SF:/home/agustin.fredes/LeoniLabsChallenge/src/Components/atoms/TextInput/index.js
FN:5,(anonymous_0)
FN:9,(anonymous_1)
FN:14,(anonymous_2)
FN:24,(anonymous_3)
FNF:4
FNH:4
FNDA:83,(anonymous_0)
FNDA:3,(anonymous_1)
FNDA:29,(anonymous_2)
FNDA:3,(anonymous_3)
DA:5,5
DA:7,83
DA:9,83
DA:10,3
DA:11,3
DA:14,83
DA:15,29
DA:18,83
DA:25,3
DA:31,5
DA:39,5
DA:44,5
LF:12
LH:12
BRF:0
BRH:0
end_of_record
TN:
SF:/home/agustin.fredes/LeoniLabsChallenge/src/Components/atoms/TextInput/style.js
FN:4,(anonymous_0)
FNF:1
FNH:1
FNDA:83,(anonymous_0)
DA:3,5
DA:4,83
DA:11,5
LF:3
LH:3
BRF:0
BRH:0
end_of_record
TN:
SF:/home/agustin.fredes/LeoniLabsChallenge/src/Components/molecules/MemberCard/index.js
FN:11,(anonymous_0)
FNF:1
FNH:1
FNDA:4,(anonymous_0)
DA:11,4
DA:12,4
DA:54,4
DA:58,4
LF:4
LH:4
BRDA:25,0,0,1
BRDA:25,0,1,3
BRF:2
BRH:2
end_of_record
TN:
SF:/home/agustin.fredes/LeoniLabsChallenge/src/Components/molecules/MemberCard/style.js
FNF:0
FNH:0
DA:4,4
LF:1
LH:1
BRF:0
BRH:0
end_of_record
TN:
SF:/home/agustin.fredes/LeoniLabsChallenge/src/Components/molecules/SocialNetworkGroup/index.js
FN:6,(anonymous_0)
FNF:1
FNH:1
FNDA:8,(anonymous_0)
DA:6,7
DA:7,8
DA:32,7
DA:39,7
DA:46,7
LF:5
LH:5
BRDA:9,0,0,8
BRDA:9,0,1,8
BRDA:10,1,0,8
BRDA:10,1,1,8
BRDA:16,2,0,8
BRDA:16,2,1,8
BRDA:22,3,0,8
BRDA:22,3,1,8
BRF:8
BRH:8
end_of_record
TN:
SF:/home/agustin.fredes/LeoniLabsChallenge/src/Components/screens/DetailPage/index.js
FN:8,(anonymous_0)
FN:18,(anonymous_1)
FN:24,(anonymous_2)
FN:25,(anonymous_3)
FN:26,(anonymous_4)
FN:32,(anonymous_5)
FNF:6
FNH:6
FNDA:6,(anonymous_0)
FNDA:2,(anonymous_1)
FNDA:1,(anonymous_2)
FNDA:1,(anonymous_3)
FNDA:1,(anonymous_4)
FNDA:3,(anonymous_5)
DA:8,3
DA:9,6
DA:11,6
DA:12,6
DA:13,6
DA:18,6
DA:19,2
DA:20,2
DA:21,2
DA:24,1
DA:25,1
DA:27,1
DA:28,1
DA:32,6
DA:33,3
DA:34,1
DA:38,6
DA:39,3
DA:46,3
DA:47,2
DA:52,1
DA:57,3
LF:22
LH:22
BRDA:33,0,0,1
BRDA:33,0,1,2
BRDA:38,1,0,3
BRDA:38,1,1,3
BRDA:46,2,0,2
BRDA:46,2,1,1
BRDA:46,3,0,3
BRDA:46,3,1,1
BRF:8
BRH:8
end_of_record
TN:
SF:/home/agustin.fredes/LeoniLabsChallenge/src/Components/screens/GenericErrorScreen/index.js
FN:7,(anonymous_0)
FNF:1
FNH:1
FNDA:5,(anonymous_0)
DA:7,5
DA:8,5
DA:20,5
DA:22,5
DA:26,5
LF:5
LH:5
BRF:0
BRH:0
end_of_record
TN:
SF:/home/agustin.fredes/LeoniLabsChallenge/src/Components/screens/SearchPage/index.js
FN:9,(anonymous_0)
FN:19,(anonymous_1)
FN:25,(anonymous_2)
FN:26,(anonymous_3)
FN:27,(anonymous_4)
FN:32,(anonymous_5)
FN:41,(anonymous_6)
FNF:7
FNH:7
FNDA:11,(anonymous_0)
FNDA:5,(anonymous_1)
FNDA:2,(anonymous_2)
FNDA:2,(anonymous_3)
FNDA:2,(anonymous_4)
FNDA:1,(anonymous_5)
FNDA:7,(anonymous_6)
DA:9,3
DA:10,11
DA:11,11
DA:12,11
DA:13,11
DA:19,11
DA:20,5
DA:21,5
DA:22,5
DA:25,2
DA:26,2
DA:28,2
DA:32,11
DA:33,1
DA:34,1
DA:35,0
DA:37,1
DA:41,11
DA:42,7
DA:43,2
DA:47,11
DA:48,2
DA:53,9
DA:61,3
LF:24
LH:23
BRDA:34,0,0,0
BRDA:34,0,1,1
BRDA:42,1,0,2
BRDA:42,1,1,5
BRDA:47,2,0,2
BRDA:47,2,1,9
BRF:6
BRH:5
end_of_record
TN:
SF:/home/agustin.fredes/LeoniLabsChallenge/src/Components/templates/Details/index.js
FN:12,(anonymous_0)
FN:18,(anonymous_1)
FN:19,(anonymous_2)
FNF:3
FNH:3
FNDA:30,(anonymous_0)
FNDA:3,(anonymous_1)
FNDA:3,(anonymous_2)
DA:12,4
DA:13,30
DA:18,4
DA:19,3
DA:20,3
DA:21,3
DA:67,3
DA:130,4
DA:134,4
LF:9
LH:9
BRDA:28,0,0,3
BRDA:28,0,1,3
BRDA:35,1,0,3
BRDA:35,1,1,3
BRDA:42,2,0,3
BRDA:42,2,1,3
BRDA:49,3,0,3
BRDA:49,3,1,3
BRDA:56,4,0,3
BRDA:56,4,1,3
BRDA:71,5,0,1
BRDA:71,5,1,2
BRF:12
BRH:12
end_of_record
TN:
SF:/home/agustin.fredes/LeoniLabsChallenge/src/Components/templates/Details/style.js
FNF:0
FNH:0
DA:3,4
DA:7,4
LF:2
LH:2
BRF:0
BRH:0
end_of_record
TN:
SF:/home/agustin.fredes/LeoniLabsChallenge/src/Components/templates/Footer/index.js
FN:6,(anonymous_0)
FNF:1
FNH:1
FNDA:2,(anonymous_0)
DA:6,3
DA:7,2
DA:22,3
LF:3
LH:3
BRF:0
BRH:0
end_of_record
TN:
SF:/home/agustin.fredes/LeoniLabsChallenge/src/Components/templates/Header/index.js
FN:5,(anonymous_0)
FNF:1
FNH:1
FNDA:2,(anonymous_0)
DA:5,3
DA:6,2
DA:15,3
LF:3
LH:3
BRF:0
BRH:0
end_of_record
TN:
SF:/home/agustin.fredes/LeoniLabsChallenge/src/Components/templates/Results/index.js
FN:8,(anonymous_0)
FN:12,(anonymous_1)
FN:24,(anonymous_2)
FN:26,(anonymous_3)
FN:28,(anonymous_4)
FNF:5
FNH:5
FNDA:14,(anonymous_0)
FNDA:5,(anonymous_1)
FNDA:2,(anonymous_2)
FNDA:2,(anonymous_3)
FNDA:2,(anonymous_4)
DA:8,3
DA:10,14
DA:12,14
DA:13,5
DA:16,14
DA:17,12
DA:24,2
DA:25,2
DA:27,2
DA:28,2
DA:30,2
DA:37,3
DA:45,3
LF:13
LH:13
BRDA:16,0,0,12
BRDA:16,0,1,2
BRF:2
BRH:2
end_of_record
TN:
SF:/home/agustin.fredes/LeoniLabsChallenge/src/Components/templates/Searcher/formattedNames.js
FNF:0
FNH:0
DA:1,4
LF:1
LH:1
BRF:0
BRH:0
end_of_record
TN:
SF:/home/agustin.fredes/LeoniLabsChallenge/src/Components/templates/Searcher/index.js
FN:12,(anonymous_0)
FN:15,(anonymous_1)
FN:61,(anonymous_2)
FN:83,(anonymous_3)
FN:88,(anonymous_4)
FN:96,(anonymous_5)
FN:100,(anonymous_6)
FN:108,(anonymous_7)
FN:130,(anonymous_8)
FN:144,(anonymous_9)
FN:149,(anonymous_10)
FN:171,(anonymous_11)
FNF:12
FNH:12
FNDA:40,(anonymous_0)
FNDA:4,(anonymous_1)
FNDA:19,(anonymous_2)
FNDA:3,(anonymous_3)
FNDA:1,(anonymous_4)
FNDA:1,(anonymous_5)
FNDA:1,(anonymous_6)
FNDA:30,(anonymous_7)
FNDA:10,(anonymous_8)
FNDA:70,(anonymous_9)
FNDA:1,(anonymous_10)
FNDA:2,(anonymous_11)
DA:12,4
DA:13,40
DA:15,40
DA:16,4
DA:17,3
DA:18,3
DA:19,3
DA:21,1
DA:33,40
DA:43,40
DA:53,40
DA:61,40
DA:62,19
DA:63,14
DA:73,5
DA:83,40
DA:84,3
DA:85,3
DA:88,40
DA:89,1
DA:90,1
DA:91,1
DA:92,1
DA:96,40
DA:97,1
DA:100,40
DA:101,1
DA:102,1
DA:103,1
DA:104,0
DA:108,40
DA:109,30
DA:130,40
DA:131,10
DA:145,70
DA:146,50
DA:149,1
DA:160,20
DA:167,40
DA:171,2
DA:176,4
DA:180,4
LF:42
LH:41
BRDA:16,0,0,3
BRDA:16,0,1,1
BRDA:62,1,0,14
BRDA:62,1,1,5
BRDA:89,2,0,1
BRDA:89,2,1,0
BRDA:103,3,0,0
BRDA:103,3,1,1
BRDA:145,4,0,50
BRDA:145,4,1,20
BRDA:170,5,0,10
BRDA:170,5,1,30
BRF:12
BRH:10
end_of_record
TN:
SF:/home/agustin.fredes/LeoniLabsChallenge/src/utils/doFilter/index.js
FN:1,(anonymous_0)
FNF:1
FNH:1
FNDA:2,(anonymous_0)
DA:1,3
DA:2,2
DA:3,2
DA:4,2
DA:5,2
DA:6,0
DA:7,0
DA:8,0
DA:12,2
LF:9
LH:6
BRDA:2,0,0,2
BRDA:2,0,1,0
BRDA:6,1,0,0
BRDA:6,1,1,0
BRDA:7,2,0,0
BRDA:7,2,1,0
BRDA:7,3,0,0
BRDA:7,3,1,0
BRF:8
BRH:1
end_of_record
TN:
SF:/home/agustin.fredes/LeoniLabsChallenge/src/utils/doSearch/index.js
FN:1,(anonymous_0)
FN:7,(anonymous_1)
FN:9,(anonymous_2)
FNF:3
FNH:0
FNDA:0,(anonymous_0)
FNDA:0,(anonymous_1)
FNDA:0,(anonymous_2)
DA:1,3
DA:2,0
DA:3,0
DA:4,0
DA:6,0
DA:7,0
DA:8,0
DA:10,0
LF:8
LH:1
BRDA:2,0,0,0
BRDA:2,0,1,0
BRDA:2,1,0,0
BRDA:2,1,1,0
BRDA:6,2,0,0
BRDA:6,2,1,0
BRF:6
BRH:0
end_of_record
TN:
SF:/home/agustin.fredes/LeoniLabsChallenge/src/utils/fetchResults/index.js
FN:2,(anonymous_0)
FN:4,(anonymous_1)
FN:33,(anonymous_2)
FN:36,(anonymous_3)
FN:38,(anonymous_4)
FNF:5
FNH:5
FNDA:1,(anonymous_0)
FNDA:1,(anonymous_1)
FNDA:3,(anonymous_2)
FNDA:2,(anonymous_3)
FNDA:2,(anonymous_4)
DA:1,2
DA:3,1
DA:4,1
DA:34,3
DA:37,2
DA:38,2
LF:6
LH:6
BRF:0
BRH:0
end_of_record
TN:
SF:/home/agustin.fredes/LeoniLabsChallenge/src/utils/getAge/index.js
FN:8,(anonymous_0)
FN:9,(anonymous_1)
FNF:2
FNH:2
FNDA:3,(anonymous_0)
FNDA:9,(anonymous_1)
DA:8,4
DA:9,3
DA:10,9
DA:12,3
DA:13,3
DA:14,3
DA:15,3
LF:7
LH:7
BRF:0
BRH:0
end_of_record
